============================= test session starts =============================
platform win32 -- Python 3.14.3, pytest-9.0.2, pluggy-1.6.0 -- C:\Aarav\ledgerlive\apps\api\.venv\Scripts\python.exe
cachedir: .pytest_cache
rootdir: C:\Aarav\ledgerlive\apps\api
configfile: pyproject.toml
plugins: anyio-4.12.1, asyncio-1.3.0
asyncio: mode=Mode.AUTO, debug=False, asyncio_default_fixture_loop_scope=None, asyncio_default_test_loop_scope=function
collecting ... collected 4042 items

tests/test_golden_scenario_truthfulness.py::test_require_e2e_mode_raises_without_env PASSED [  0%]
tests/test_golden_scenario_truthfulness.py::test_require_e2e_mode_passes_in_demo_e2e PASSED [  0%]
tests/test_golden_scenario_truthfulness.py::test_require_e2e_mode_raises_when_only_demo_no_e2e PASSED [  0%]
tests/test_golden_scenario_truthfulness.py::test_golden_endpoints_blocked_local_mode PASSED [  0%]
tests/test_golden_scenario_truthfulness.py::test_golden_seed_accessible_in_demo_e2e PASSED [  0%]
tests/test_golden_scenario_truthfulness.py::test_assertions_include_all_required_fields PASSED [  0%]
tests/test_golden_scenario_truthfulness.py::test_actual_counts_match_expected_counts_after_seed PASSED [  0%]
tests/test_golden_scenario_truthfulness.py::test_binder_hash_is_real_sha256 PASSED [  0%]
tests/test_golden_scenario_truthfulness.py::test_assertions_signature_is_real_sha256 PASSED [  0%]
tests/test_golden_scenario_truthfulness.py::test_telemetry_pack_has_sha256_and_pass PASSED [  0%]
tests/test_golden_scenario_truthfulness.py::test_court_pack_has_sha256_and_pass PASSED [  0%]
tests/test_golden_scenario_truthfulness.py::test_replay_matches_original_after_regen PASSED [  0%]
tests/test_golden_scenario_truthfulness.py::test_assertions_signature_stable_across_two_calls PASSED [  0%]
tests/test_golden_scenario_truthfulness.py::test_tamper_changes_assertions_signature PASSED [  0%]
tests/test_golden_scenario_truthfulness.py::test_tamper_hash_changes_assertions_signature PASSED [  0%]
tests/test_golden_scenario_truthfulness.py::test_service_compute_actual_counts_empty PASSED [  0%]
tests/test_golden_scenario_truthfulness.py::test_service_binder_hash_after_seed PASSED [  0%]
tests/test_golden_scenario_truthfulness.py::test_service_binder_hash_stable_two_seeds PASSED [  0%]
tests/test_golden_scenario_truthfulness.py::test_service_assertions_signature_changes_on_tamper PASSED [  0%]
tests/test_golden_scenario_truthfulness.py::test_service_update_baseline_writes_file PASSED [  0%]
tests/test_golden_scenario_truthfulness.py::test_service_audit_events_on_seed PASSED [  0%]
tests/test_health.py::test_healthz_returns_ok PASSED                     [  0%]
tests/test_health.py::test_healthz_contains_mode PASSED                  [  0%]
tests/test_health.py::test_audit_log_empty_initially PASSED              [  0%]
tests/test_health.py::test_project_id_file PASSED                        [  0%]
tests/test_w01_close_period.py::test_w01_service_starts_empty PASSED     [  0%]
tests/test_w01_close_period.py::test_w01_create PASSED                   [  0%]
tests/test_w01_close_period.py::test_w01_list PASSED                     [  0%]
tests/test_w01_close_period.py::test_w01_get_by_id PASSED                [  0%]
tests/test_w01_close_period.py::test_w01_get_not_found PASSED            [  0%]
tests/test_w01_close_period.py::test_w01_close_period PASSED             [  0%]
tests/test_w01_close_period.py::test_w01_lock_period PASSED              [  0%]
tests/test_w01_close_period.py::test_w01_close_period_not_found PASSED   [  0%]
tests/test_w01_close_period.py::test_w01_audit_event_emitted PASSED      [  0%]
tests/test_w01_close_period.py::test_w01_determinism PASSED              [  0%]
tests/test_w01_close_period.py::test_w01_break_it_empty_body PASSED      [  0%]
tests/test_w02_entity.py::test_w02_service_starts_empty PASSED           [  0%]
tests/test_w02_entity.py::test_w02_create PASSED                         [  0%]
tests/test_w02_entity.py::test_w02_list PASSED                           [  0%]
tests/test_w02_entity.py::test_w02_get_by_id PASSED                      [  0%]
tests/test_w02_entity.py::test_w02_get_not_found PASSED                  [  1%]
tests/test_w02_entity.py::test_w02_update PASSED                         [  1%]
tests/test_w02_entity.py::test_w02_deactivate PASSED                     [  1%]
tests/test_w02_entity.py::test_w02_deactivate_not_found PASSED           [  1%]
tests/test_w02_entity.py::test_w02_audit_event_emitted PASSED            [  1%]
tests/test_w02_entity.py::test_w02_determinism PASSED                    [  1%]
tests/test_w02_entity.py::test_w02_break_it_empty_body PASSED            [  1%]
tests/test_w03_document_store.py::test_w03_service_starts_empty PASSED   [  1%]
tests/test_w03_document_store.py::test_w03_create PASSED                 [  1%]
tests/test_w03_document_store.py::test_w03_list PASSED                   [  1%]
tests/test_w03_document_store.py::test_w03_get_by_id PASSED              [  1%]
tests/test_w03_document_store.py::test_w03_get_not_found PASSED          [  1%]
tests/test_w03_document_store.py::test_w03_delete PASSED                 [  1%]
tests/test_w03_document_store.py::test_w03_audit_event_emitted PASSED    [  1%]
tests/test_w03_document_store.py::test_w03_determinism PASSED            [  1%]
tests/test_w03_document_store.py::test_w03_break_it_empty_body PASSED    [  1%]
tests/test_w04_ocr_pipeline.py::test_w04_service_starts_empty PASSED     [  1%]
tests/test_w04_ocr_pipeline.py::test_w04_create PASSED                   [  1%]
tests/test_w04_ocr_pipeline.py::test_w04_list PASSED                     [  1%]
tests/test_w04_ocr_pipeline.py::test_w04_get_by_id PASSED                [  1%]
tests/test_w04_ocr_pipeline.py::test_w04_get_not_found PASSED            [  1%]
tests/test_w04_ocr_pipeline.py::test_w04_retry PASSED                    [  1%]
tests/test_w04_ocr_pipeline.py::test_w04_retry_not_found PASSED          [  1%]
tests/test_w04_ocr_pipeline.py::test_w04_audit_event_emitted PASSED      [  1%]
tests/test_w04_ocr_pipeline.py::test_w04_determinism PASSED              [  1%]
tests/test_w04_ocr_pipeline.py::test_w04_break_it_empty_body PASSED      [  1%]
tests/test_w05_extraction.py::test_w05_service_starts_empty PASSED       [  1%]
tests/test_w05_extraction.py::test_w05_create PASSED                     [  1%]
tests/test_w05_extraction.py::test_w05_list PASSED                       [  1%]
tests/test_w05_extraction.py::test_w05_get_by_id PASSED                  [  1%]
tests/test_w05_extraction.py::test_w05_get_not_found PASSED              [  1%]
tests/test_w05_extraction.py::test_w05_update PASSED                     [  1%]
tests/test_w05_extraction.py::test_w05_validate PASSED                   [  1%]
tests/test_w05_extraction.py::test_w05_validate_not_found PASSED         [  1%]
tests/test_w05_extraction.py::test_w05_audit_event_emitted PASSED        [  1%]
tests/test_w05_extraction.py::test_w05_determinism PASSED                [  1%]
tests/test_w05_extraction.py::test_w05_break_it_empty_body PASSED        [  1%]
tests/test_w061_testid_guard.py::test_w061_service_starts_empty PASSED   [  1%]
tests/test_w061_testid_guard.py::test_w061_create PASSED                 [  1%]
tests/test_w061_testid_guard.py::test_w061_list PASSED                   [  1%]
tests/test_w061_testid_guard.py::test_w061_get_by_id PASSED              [  2%]
tests/test_w061_testid_guard.py::test_w061_get_not_found PASSED          [  2%]
tests/test_w061_testid_guard.py::test_w061_fix_missing PASSED            [  2%]
tests/test_w061_testid_guard.py::test_w061_fix_missing_not_found PASSED  [  2%]
tests/test_w061_testid_guard.py::test_w061_audit_event_emitted PASSED    [  2%]
tests/test_w061_testid_guard.py::test_w061_determinism PASSED            [  2%]
tests/test_w061_testid_guard.py::test_w061_break_it_empty_body PASSED    [  2%]
tests/test_w061_testid_guard.py::test_w061_integration_create_list_get PASSED [  2%]
tests/test_w062_e2e_ops.py::test_w062_service_starts_empty PASSED        [  2%]
tests/test_w062_e2e_ops.py::test_w062_create PASSED                      [  2%]
tests/test_w062_e2e_ops.py::test_w062_list PASSED                        [  2%]
tests/test_w062_e2e_ops.py::test_w062_get_by_id PASSED                   [  2%]
tests/test_w062_e2e_ops.py::test_w062_get_not_found PASSED               [  2%]
tests/test_w062_e2e_ops.py::test_w062_verify_state PASSED                [  2%]
tests/test_w062_e2e_ops.py::test_w062_verify_state_not_found PASSED      [  2%]
tests/test_w062_e2e_ops.py::test_w062_audit_event_emitted PASSED         [  2%]
tests/test_w062_e2e_ops.py::test_w062_determinism PASSED                 [  2%]
tests/test_w062_e2e_ops.py::test_w062_break_it_empty_body PASSED         [  2%]
tests/test_w062_e2e_ops.py::test_w062_integration_create_list_get PASSED [  2%]
tests/test_w063_route_sweep.py::test_w063_service_starts_empty PASSED    [  2%]
tests/test_w063_route_sweep.py::test_w063_create PASSED                  [  2%]
tests/test_w063_route_sweep.py::test_w063_list PASSED                    [  2%]
tests/test_w063_route_sweep.py::test_w063_get_by_id PASSED               [  2%]
tests/test_w063_route_sweep.py::test_w063_get_not_found PASSED           [  2%]
tests/test_w063_route_sweep.py::test_w063_retry_failed PASSED            [  2%]
tests/test_w063_route_sweep.py::test_w063_retry_failed_not_found PASSED  [  2%]
tests/test_w063_route_sweep.py::test_w063_audit_event_emitted PASSED     [  2%]
tests/test_w063_route_sweep.py::test_w063_determinism PASSED             [  2%]
tests/test_w063_route_sweep.py::test_w063_break_it_empty_body PASSED     [  2%]
tests/test_w063_route_sweep.py::test_w063_integration_create_list_get PASSED [  2%]
tests/test_w064_role_sweep.py::test_w064_service_starts_empty PASSED     [  2%]
tests/test_w064_role_sweep.py::test_w064_create PASSED                   [  2%]
tests/test_w064_role_sweep.py::test_w064_list PASSED                     [  2%]
tests/test_w064_role_sweep.py::test_w064_get_by_id PASSED                [  2%]
tests/test_w064_role_sweep.py::test_w064_get_not_found PASSED            [  2%]
tests/test_w064_role_sweep.py::test_w064_audit_event_emitted PASSED      [  2%]
tests/test_w064_role_sweep.py::test_w064_determinism PASSED              [  2%]
tests/test_w064_role_sweep.py::test_w064_break_it_empty_body PASSED      [  2%]
tests/test_w064_role_sweep.py::test_w064_integration_create_list_get PASSED [  2%]
tests/test_w065_close_flow_e2e.py::test_w065_service_starts_empty PASSED [  2%]
tests/test_w065_close_flow_e2e.py::test_w065_create PASSED               [  2%]
tests/test_w065_close_flow_e2e.py::test_w065_list PASSED                 [  3%]
tests/test_w065_close_flow_e2e.py::test_w065_get_by_id PASSED            [  3%]
tests/test_w065_close_flow_e2e.py::test_w065_get_not_found PASSED        [  3%]
tests/test_w065_close_flow_e2e.py::test_w065_advance PASSED              [  3%]
tests/test_w065_close_flow_e2e.py::test_w065_verify_flow PASSED          [  3%]
tests/test_w065_close_flow_e2e.py::test_w065_advance_not_found PASSED    [  3%]
tests/test_w065_close_flow_e2e.py::test_w065_audit_event_emitted PASSED  [  3%]
tests/test_w065_close_flow_e2e.py::test_w065_determinism PASSED          [  3%]
tests/test_w065_close_flow_e2e.py::test_w065_break_it_empty_body PASSED  [  3%]
tests/test_w065_close_flow_e2e.py::test_w065_integration_create_list_get PASSED [  3%]
tests/test_w066_integration_flow_e2e.py::test_w066_service_starts_empty PASSED [  3%]
tests/test_w066_integration_flow_e2e.py::test_w066_create PASSED         [  3%]
tests/test_w066_integration_flow_e2e.py::test_w066_list PASSED           [  3%]
tests/test_w066_integration_flow_e2e.py::test_w066_get_by_id PASSED      [  3%]
tests/test_w066_integration_flow_e2e.py::test_w066_get_not_found PASSED  [  3%]
tests/test_w066_integration_flow_e2e.py::test_w066_advance PASSED        [  3%]
tests/test_w066_integration_flow_e2e.py::test_w066_verify_flow PASSED    [  3%]
tests/test_w066_integration_flow_e2e.py::test_w066_advance_not_found PASSED [  3%]
tests/test_w066_integration_flow_e2e.py::test_w066_audit_event_emitted PASSED [  3%]
tests/test_w066_integration_flow_e2e.py::test_w066_determinism PASSED    [  3%]
tests/test_w066_integration_flow_e2e.py::test_w066_break_it_empty_body PASSED [  3%]
tests/test_w066_integration_flow_e2e.py::test_w066_integration_create_list_get PASSED [  3%]
tests/test_w067_fpa_flow_e2e.py::test_w067_service_starts_empty PASSED   [  3%]
tests/test_w067_fpa_flow_e2e.py::test_w067_create PASSED                 [  3%]
tests/test_w067_fpa_flow_e2e.py::test_w067_list PASSED                   [  3%]
tests/test_w067_fpa_flow_e2e.py::test_w067_get_by_id PASSED              [  3%]
tests/test_w067_fpa_flow_e2e.py::test_w067_get_not_found PASSED          [  3%]
tests/test_w067_fpa_flow_e2e.py::test_w067_advance PASSED                [  3%]
tests/test_w067_fpa_flow_e2e.py::test_w067_verify_flow PASSED            [  3%]
tests/test_w067_fpa_flow_e2e.py::test_w067_advance_not_found PASSED      [  3%]
tests/test_w067_fpa_flow_e2e.py::test_w067_audit_event_emitted PASSED    [  3%]
tests/test_w067_fpa_flow_e2e.py::test_w067_determinism PASSED            [  3%]
tests/test_w067_fpa_flow_e2e.py::test_w067_break_it_empty_body PASSED    [  3%]
tests/test_w067_fpa_flow_e2e.py::test_w067_integration_create_list_get PASSED [  3%]
tests/test_w068_determinism_harness.py::test_w068_service_starts_empty PASSED [  3%]
tests/test_w068_determinism_harness.py::test_w068_create PASSED          [  3%]
tests/test_w068_determinism_harness.py::test_w068_list PASSED            [  3%]
tests/test_w068_determinism_harness.py::test_w068_get_by_id PASSED       [  3%]
tests/test_w068_determinism_harness.py::test_w068_get_not_found PASSED   [  3%]
tests/test_w068_determinism_harness.py::test_w068_compare PASSED         [  3%]
tests/test_w068_determinism_harness.py::test_w068_compare_not_found PASSED [  4%]
tests/test_w068_determinism_harness.py::test_w068_audit_event_emitted PASSED [  4%]
tests/test_w068_determinism_harness.py::test_w068_determinism PASSED     [  4%]
tests/test_w068_determinism_harness.py::test_w068_break_it_empty_body PASSED [  4%]
tests/test_w068_determinism_harness.py::test_w068_integration_create_list_get PASSED [  4%]
tests/test_w069_tour_spec.py::test_w069_service_starts_empty PASSED      [  4%]
tests/test_w069_tour_spec.py::test_w069_create PASSED                    [  4%]
tests/test_w069_tour_spec.py::test_w069_list PASSED                      [  4%]
tests/test_w069_tour_spec.py::test_w069_get_by_id PASSED                 [  4%]
tests/test_w069_tour_spec.py::test_w069_get_not_found PASSED             [  4%]
tests/test_w069_tour_spec.py::test_w069_add_checkpoint PASSED            [  4%]
tests/test_w069_tour_spec.py::test_w069_run_tour PASSED                  [  4%]
tests/test_w069_tour_spec.py::test_w069_verify_tour PASSED               [  4%]
tests/test_w069_tour_spec.py::test_w069_add_checkpoint_not_found PASSED  [  4%]
tests/test_w069_tour_spec.py::test_w069_audit_event_emitted PASSED       [  4%]
tests/test_w069_tour_spec.py::test_w069_determinism PASSED               [  4%]
tests/test_w069_tour_spec.py::test_w069_break_it_empty_body PASSED       [  4%]
tests/test_w069_tour_spec.py::test_w069_integration_create_list_get PASSED [  4%]
tests/test_w06_reconciliation.py::test_w06_service_starts_empty PASSED   [  4%]
tests/test_w06_reconciliation.py::test_w06_create PASSED                 [  4%]
tests/test_w06_reconciliation.py::test_w06_list PASSED                   [  4%]
tests/test_w06_reconciliation.py::test_w06_get_by_id PASSED              [  4%]
tests/test_w06_reconciliation.py::test_w06_get_not_found PASSED          [  4%]
tests/test_w06_reconciliation.py::test_w06_approve PASSED                [  4%]
tests/test_w06_reconciliation.py::test_w06_reject PASSED                 [  4%]
tests/test_w06_reconciliation.py::test_w06_approve_not_found PASSED      [  4%]
tests/test_w06_reconciliation.py::test_w06_audit_event_emitted PASSED    [  4%]
tests/test_w06_reconciliation.py::test_w06_determinism PASSED            [  4%]
tests/test_w06_reconciliation.py::test_w06_break_it_empty_body PASSED    [  4%]
tests/test_w070_e2e_gate.py::test_w070_service_starts_empty PASSED       [  4%]
tests/test_w070_e2e_gate.py::test_w070_create PASSED                     [  4%]
tests/test_w070_e2e_gate.py::test_w070_list PASSED                       [  4%]
tests/test_w070_e2e_gate.py::test_w070_get_by_id PASSED                  [  4%]
tests/test_w070_e2e_gate.py::test_w070_get_not_found PASSED              [  4%]
tests/test_w070_e2e_gate.py::test_w070_verify_determinism PASSED         [  4%]
tests/test_w070_e2e_gate.py::test_w070_verify_determinism_not_found PASSED [  4%]
tests/test_w070_e2e_gate.py::test_w070_audit_event_emitted PASSED        [  4%]
tests/test_w070_e2e_gate.py::test_w070_determinism PASSED                [  4%]
tests/test_w070_e2e_gate.py::test_w070_break_it_empty_body PASSED        [  4%]
tests/test_w070_e2e_gate.py::test_w070_integration_create_list_get PASSED [  4%]
tests/test_w071_exception_classifier.py::test_w071_service_starts_empty PASSED [  4%]
tests/test_w071_exception_classifier.py::test_w071_create PASSED         [  5%]
tests/test_w071_exception_classifier.py::test_w071_list PASSED           [  5%]
tests/test_w071_exception_classifier.py::test_w071_get_by_id PASSED      [  5%]
tests/test_w071_exception_classifier.py::test_w071_get_not_found PASSED  [  5%]
tests/test_w071_exception_classifier.py::test_w071_suggest_fix PASSED    [  5%]
tests/test_w071_exception_classifier.py::test_w071_apply_suggestion PASSED [  5%]
tests/test_w071_exception_classifier.py::test_w071_suggest_fix_not_found PASSED [  5%]
tests/test_w071_exception_classifier.py::test_w071_audit_event_emitted PASSED [  5%]
tests/test_w071_exception_classifier.py::test_w071_determinism PASSED    [  5%]
tests/test_w071_exception_classifier.py::test_w071_break_it_empty_body PASSED [  5%]
tests/test_w071_exception_classifier.py::test_w071_integration_create_list_get PASSED [  5%]
tests/test_w072_auto_fix.py::test_w072_service_starts_empty PASSED       [  5%]
tests/test_w072_auto_fix.py::test_w072_create PASSED                     [  5%]
tests/test_w072_auto_fix.py::test_w072_list PASSED                       [  5%]
tests/test_w072_auto_fix.py::test_w072_get_by_id PASSED                  [  5%]
tests/test_w072_auto_fix.py::test_w072_get_not_found PASSED              [  5%]
tests/test_w072_auto_fix.py::test_w072_approve_fix PASSED                [  5%]
tests/test_w072_auto_fix.py::test_w072_apply_fix PASSED                  [  5%]
tests/test_w072_auto_fix.py::test_w072_rollback_fix PASSED               [  5%]
tests/test_w072_auto_fix.py::test_w072_approve_fix_not_found PASSED      [  5%]
tests/test_w072_auto_fix.py::test_w072_audit_event_emitted PASSED        [  5%]
tests/test_w072_auto_fix.py::test_w072_determinism PASSED                [  5%]
tests/test_w072_auto_fix.py::test_w072_break_it_empty_body PASSED        [  5%]
tests/test_w072_auto_fix.py::test_w072_integration_create_list_get PASSED [  5%]
tests/test_w073_accrual_suggest.py::test_w073_service_starts_empty PASSED [  5%]
tests/test_w073_accrual_suggest.py::test_w073_create PASSED              [  5%]
tests/test_w073_accrual_suggest.py::test_w073_list PASSED                [  5%]
tests/test_w073_accrual_suggest.py::test_w073_get_by_id PASSED           [  5%]
tests/test_w073_accrual_suggest.py::test_w073_get_not_found PASSED       [  5%]
tests/test_w073_accrual_suggest.py::test_w073_approve PASSED             [  5%]
tests/test_w073_accrual_suggest.py::test_w073_post_accrual PASSED        [  5%]
tests/test_w073_accrual_suggest.py::test_w073_reject PASSED              [  5%]
tests/test_w073_accrual_suggest.py::test_w073_approve_not_found PASSED   [  5%]
tests/test_w073_accrual_suggest.py::test_w073_audit_event_emitted PASSED [  5%]
tests/test_w073_accrual_suggest.py::test_w073_determinism PASSED         [  5%]
tests/test_w073_accrual_suggest.py::test_w073_break_it_empty_body PASSED [  5%]
tests/test_w073_accrual_suggest.py::test_w073_integration_create_list_get PASSED [  5%]
tests/test_w074_je_suggest.py::test_w074_service_starts_empty PASSED     [  5%]
tests/test_w074_je_suggest.py::test_w074_create PASSED                   [  5%]
tests/test_w074_je_suggest.py::test_w074_list PASSED                     [  5%]
tests/test_w074_je_suggest.py::test_w074_get_by_id PASSED                [  6%]
tests/test_w074_je_suggest.py::test_w074_get_not_found PASSED            [  6%]
tests/test_w074_je_suggest.py::test_w074_approve PASSED                  [  6%]
tests/test_w074_je_suggest.py::test_w074_post_je PASSED                  [  6%]
tests/test_w074_je_suggest.py::test_w074_reject PASSED                   [  6%]
tests/test_w074_je_suggest.py::test_w074_approve_not_found PASSED        [  6%]
tests/test_w074_je_suggest.py::test_w074_audit_event_emitted PASSED      [  6%]
tests/test_w074_je_suggest.py::test_w074_determinism PASSED              [  6%]
tests/test_w074_je_suggest.py::test_w074_break_it_empty_body PASSED      [  6%]
tests/test_w074_je_suggest.py::test_w074_integration_create_list_get PASSED [  6%]
tests/test_w075_triage_queue_v2.py::test_w075_service_starts_empty PASSED [  6%]
tests/test_w075_triage_queue_v2.py::test_w075_create PASSED              [  6%]
tests/test_w075_triage_queue_v2.py::test_w075_list PASSED                [  6%]
tests/test_w075_triage_queue_v2.py::test_w075_get_by_id PASSED           [  6%]
tests/test_w075_triage_queue_v2.py::test_w075_get_not_found PASSED       [  6%]
tests/test_w075_triage_queue_v2.py::test_w075_escalate PASSED            [  6%]
tests/test_w075_triage_queue_v2.py::test_w075_resolve PASSED             [  6%]
tests/test_w075_triage_queue_v2.py::test_w075_escalate_not_found PASSED  [  6%]
tests/test_w075_triage_queue_v2.py::test_w075_audit_event_emitted PASSED [  6%]
tests/test_w075_triage_queue_v2.py::test_w075_determinism PASSED         [  6%]
tests/test_w075_triage_queue_v2.py::test_w075_break_it_empty_body PASSED [  6%]
tests/test_w075_triage_queue_v2.py::test_w075_integration_create_list_get PASSED [  6%]
tests/test_w076_recon_explain.py::test_w076_service_starts_empty PASSED  [  6%]
tests/test_w076_recon_explain.py::test_w076_create PASSED                [  6%]
tests/test_w076_recon_explain.py::test_w076_list PASSED                  [  6%]
tests/test_w076_recon_explain.py::test_w076_get_by_id PASSED             [  6%]
tests/test_w076_recon_explain.py::test_w076_get_not_found PASSED         [  6%]
tests/test_w076_recon_explain.py::test_w076_add_evidence PASSED          [  6%]
tests/test_w076_recon_explain.py::test_w076_verify_dag PASSED            [  6%]
tests/test_w076_recon_explain.py::test_w076_add_evidence_not_found PASSED [  6%]
tests/test_w076_recon_explain.py::test_w076_audit_event_emitted PASSED   [  6%]
tests/test_w076_recon_explain.py::test_w076_determinism PASSED           [  6%]
tests/test_w076_recon_explain.py::test_w076_break_it_empty_body PASSED   [  6%]
tests/test_w076_recon_explain.py::test_w076_integration_create_list_get PASSED [  6%]
tests/test_w077_no_floating_claim.py::test_w077_service_starts_empty PASSED [  6%]
tests/test_w077_no_floating_claim.py::test_w077_create PASSED            [  6%]
tests/test_w077_no_floating_claim.py::test_w077_list PASSED              [  6%]
tests/test_w077_no_floating_claim.py::test_w077_get_by_id PASSED         [  6%]
tests/test_w077_no_floating_claim.py::test_w077_get_not_found PASSED     [  6%]
tests/test_w077_no_floating_claim.py::test_w077_fix_violation PASSED     [  6%]
tests/test_w077_no_floating_claim.py::test_w077_fix_violation_not_found PASSED [  7%]
tests/test_w077_no_floating_claim.py::test_w077_audit_event_emitted PASSED [  7%]
tests/test_w077_no_floating_claim.py::test_w077_determinism PASSED       [  7%]
tests/test_w077_no_floating_claim.py::test_w077_break_it_empty_body PASSED [  7%]
tests/test_w077_no_floating_claim.py::test_w077_integration_create_list_get PASSED [  7%]
tests/test_w078_close_scorecard.py::test_w078_service_starts_empty PASSED [  7%]
tests/test_w078_close_scorecard.py::test_w078_create PASSED              [  7%]
tests/test_w078_close_scorecard.py::test_w078_list PASSED                [  7%]
tests/test_w078_close_scorecard.py::test_w078_get_by_id PASSED           [  7%]
tests/test_w078_close_scorecard.py::test_w078_get_not_found PASSED       [  7%]
tests/test_w078_close_scorecard.py::test_w078_drill_down PASSED          [  7%]
tests/test_w078_close_scorecard.py::test_w078_drill_down_not_found PASSED [  7%]
tests/test_w078_close_scorecard.py::test_w078_audit_event_emitted PASSED [  7%]
tests/test_w078_close_scorecard.py::test_w078_determinism PASSED         [  7%]
tests/test_w078_close_scorecard.py::test_w078_break_it_empty_body PASSED [  7%]
tests/test_w078_close_scorecard.py::test_w078_integration_create_list_get PASSED [  7%]
tests/test_w079_binder_v3.py::test_w079_service_starts_empty PASSED      [  7%]
tests/test_w079_binder_v3.py::test_w079_create PASSED                    [  7%]
tests/test_w079_binder_v3.py::test_w079_list PASSED                      [  7%]
tests/test_w079_binder_v3.py::test_w079_get_by_id PASSED                 [  7%]
tests/test_w079_binder_v3.py::test_w079_get_not_found PASSED             [  7%]
tests/test_w079_binder_v3.py::test_w079_add_triage PASSED                [  7%]
tests/test_w079_binder_v3.py::test_w079_add_autofix PASSED               [  7%]
tests/test_w079_binder_v3.py::test_w079_sign_binder PASSED               [  7%]
tests/test_w079_binder_v3.py::test_w079_add_triage_not_found PASSED      [  7%]
tests/test_w079_binder_v3.py::test_w079_audit_event_emitted PASSED       [  7%]
tests/test_w079_binder_v3.py::test_w079_determinism PASSED               [  7%]
tests/test_w079_binder_v3.py::test_w079_break_it_empty_body PASSED       [  7%]
tests/test_w079_binder_v3.py::test_w079_integration_create_list_get PASSED [  7%]
tests/test_w07_exception.py::test_w07_service_starts_empty PASSED        [  7%]
tests/test_w07_exception.py::test_w07_create PASSED                      [  7%]
tests/test_w07_exception.py::test_w07_list PASSED                        [  7%]
tests/test_w07_exception.py::test_w07_get_by_id PASSED                   [  7%]
tests/test_w07_exception.py::test_w07_get_not_found PASSED               [  7%]
tests/test_w07_exception.py::test_w07_assign PASSED                      [  7%]
tests/test_w07_exception.py::test_w07_resolve PASSED                     [  7%]
tests/test_w07_exception.py::test_w07_assign_not_found PASSED            [  7%]
tests/test_w07_exception.py::test_w07_audit_event_emitted PASSED         [  7%]
tests/test_w07_exception.py::test_w07_determinism PASSED                 [  7%]
tests/test_w07_exception.py::test_w07_break_it_empty_body PASSED         [  7%]
tests/test_w080_exc_flow_e2e.py::test_w080_service_starts_empty PASSED   [  7%]
tests/test_w080_exc_flow_e2e.py::test_w080_create PASSED                 [  8%]
tests/test_w080_exc_flow_e2e.py::test_w080_list PASSED                   [  8%]
tests/test_w080_exc_flow_e2e.py::test_w080_get_by_id PASSED              [  8%]
tests/test_w080_exc_flow_e2e.py::test_w080_get_not_found PASSED          [  8%]
tests/test_w080_exc_flow_e2e.py::test_w080_advance PASSED                [  8%]
tests/test_w080_exc_flow_e2e.py::test_w080_verify PASSED                 [  8%]
tests/test_w080_exc_flow_e2e.py::test_w080_advance_not_found PASSED      [  8%]
tests/test_w080_exc_flow_e2e.py::test_w080_audit_event_emitted PASSED    [  8%]
tests/test_w080_exc_flow_e2e.py::test_w080_determinism PASSED            [  8%]
tests/test_w080_exc_flow_e2e.py::test_w080_break_it_empty_body PASSED    [  8%]
tests/test_w080_exc_flow_e2e.py::test_w080_integration_create_list_get PASSED [  8%]
tests/test_w081_intercompany_v2.py::test_w081_service_starts_empty PASSED [  8%]
tests/test_w081_intercompany_v2.py::test_w081_create PASSED              [  8%]
tests/test_w081_intercompany_v2.py::test_w081_list PASSED                [  8%]
tests/test_w081_intercompany_v2.py::test_w081_get_by_id PASSED           [  8%]
tests/test_w081_intercompany_v2.py::test_w081_get_not_found PASSED       [  8%]
tests/test_w081_intercompany_v2.py::test_w081_settle PASSED              [  8%]
tests/test_w081_intercompany_v2.py::test_w081_dispute PASSED             [  8%]
tests/test_w081_intercompany_v2.py::test_w081_eliminate PASSED           [  8%]
tests/test_w081_intercompany_v2.py::test_w081_settle_not_found PASSED    [  8%]
tests/test_w081_intercompany_v2.py::test_w081_audit_event_emitted PASSED [  8%]
tests/test_w081_intercompany_v2.py::test_w081_determinism PASSED         [  8%]
tests/test_w081_intercompany_v2.py::test_w081_break_it_empty_body PASSED [  8%]
tests/test_w081_intercompany_v2.py::test_w081_integration_create_list_get PASSED [  8%]
tests/test_w082_fx_v3.py::test_w082_service_starts_empty PASSED          [  8%]
tests/test_w082_fx_v3.py::test_w082_create PASSED                        [  8%]
tests/test_w082_fx_v3.py::test_w082_list PASSED                          [  8%]
tests/test_w082_fx_v3.py::test_w082_get_by_id PASSED                     [  8%]
tests/test_w082_fx_v3.py::test_w082_get_not_found PASSED                 [  8%]
tests/test_w082_fx_v3.py::test_w082_snapshot_rates PASSED                [  8%]
tests/test_w082_fx_v3.py::test_w082_compute_cta PASSED                   [  8%]
tests/test_w082_fx_v3.py::test_w082_snapshot_rates_not_found PASSED      [  8%]
tests/test_w082_fx_v3.py::test_w082_audit_event_emitted PASSED           [  8%]
tests/test_w082_fx_v3.py::test_w082_determinism PASSED                   [  8%]
tests/test_w082_fx_v3.py::test_w082_break_it_empty_body PASSED           [  8%]
tests/test_w082_fx_v3.py::test_w082_integration_create_list_get PASSED   [  8%]
tests/test_w083_cashflow_consol.py::test_w083_service_starts_empty PASSED [  8%]
tests/test_w083_cashflow_consol.py::test_w083_create PASSED              [  8%]
tests/test_w083_cashflow_consol.py::test_w083_list PASSED                [  8%]
tests/test_w083_cashflow_consol.py::test_w083_get_by_id PASSED           [  8%]
tests/test_w083_cashflow_consol.py::test_w083_get_not_found PASSED       [  9%]
tests/test_w083_cashflow_consol.py::test_w083_tie_out PASSED             [  9%]
tests/test_w083_cashflow_consol.py::test_w083_drill_down PASSED          [  9%]
tests/test_w083_cashflow_consol.py::test_w083_tie_out_not_found PASSED   [  9%]
tests/test_w083_cashflow_consol.py::test_w083_audit_event_emitted PASSED [  9%]
tests/test_w083_cashflow_consol.py::test_w083_determinism PASSED         [  9%]
tests/test_w083_cashflow_consol.py::test_w083_break_it_empty_body PASSED [  9%]
tests/test_w083_cashflow_consol.py::test_w083_integration_create_list_get PASSED [  9%]
tests/test_w084_statement_notes.py::test_w084_service_starts_empty PASSED [  9%]
tests/test_w084_statement_notes.py::test_w084_create PASSED              [  9%]
tests/test_w084_statement_notes.py::test_w084_list PASSED                [  9%]
tests/test_w084_statement_notes.py::test_w084_get_by_id PASSED           [  9%]
tests/test_w084_statement_notes.py::test_w084_get_not_found PASSED       [  9%]
tests/test_w084_statement_notes.py::test_w084_attach_evidence PASSED     [  9%]
tests/test_w084_statement_notes.py::test_w084_approve_note PASSED        [  9%]
tests/test_w084_statement_notes.py::test_w084_attach_evidence_not_found PASSED [  9%]
tests/test_w084_statement_notes.py::test_w084_audit_event_emitted PASSED [  9%]
tests/test_w084_statement_notes.py::test_w084_determinism PASSED         [  9%]
tests/test_w084_statement_notes.py::test_w084_break_it_empty_body PASSED [  9%]
tests/test_w084_statement_notes.py::test_w084_integration_create_list_get PASSED [  9%]
tests/test_w085_consol_adj_lock.py::test_w085_service_starts_empty PASSED [  9%]
tests/test_w085_consol_adj_lock.py::test_w085_create PASSED              [  9%]
tests/test_w085_consol_adj_lock.py::test_w085_list PASSED                [  9%]
tests/test_w085_consol_adj_lock.py::test_w085_get_by_id PASSED           [  9%]
tests/test_w085_consol_adj_lock.py::test_w085_get_not_found PASSED       [  9%]
tests/test_w085_consol_adj_lock.py::test_w085_approve PASSED             [  9%]
tests/test_w085_consol_adj_lock.py::test_w085_lock_adj PASSED            [  9%]
tests/test_w085_consol_adj_lock.py::test_w085_deny_after_lock PASSED     [  9%]
tests/test_w085_consol_adj_lock.py::test_w085_approve_not_found PASSED   [  9%]
tests/test_w085_consol_adj_lock.py::test_w085_audit_event_emitted PASSED [  9%]
tests/test_w085_consol_adj_lock.py::test_w085_determinism PASSED         [  9%]
tests/test_w085_consol_adj_lock.py::test_w085_break_it_empty_body PASSED [  9%]
tests/test_w085_consol_adj_lock.py::test_w085_integration_create_list_get PASSED [  9%]
tests/test_w086_multi_entity_cal.py::test_w086_service_starts_empty PASSED [  9%]
tests/test_w086_multi_entity_cal.py::test_w086_create PASSED             [  9%]
tests/test_w086_multi_entity_cal.py::test_w086_list PASSED               [  9%]
tests/test_w086_multi_entity_cal.py::test_w086_get_by_id PASSED          [  9%]
tests/test_w086_multi_entity_cal.py::test_w086_get_not_found PASSED      [  9%]
tests/test_w086_multi_entity_cal.py::test_w086_sync_deps PASSED          [  9%]
tests/test_w086_multi_entity_cal.py::test_w086_progress PASSED           [  9%]
tests/test_w086_multi_entity_cal.py::test_w086_sync_deps_not_found PASSED [  9%]
tests/test_w086_multi_entity_cal.py::test_w086_audit_event_emitted PASSED [ 10%]
tests/test_w086_multi_entity_cal.py::test_w086_determinism PASSED        [ 10%]
tests/test_w086_multi_entity_cal.py::test_w086_break_it_empty_body PASSED [ 10%]
tests/test_w086_multi_entity_cal.py::test_w086_integration_create_list_get PASSED [ 10%]
tests/test_w087_consol_e2e.py::test_w087_service_starts_empty PASSED     [ 10%]
tests/test_w087_consol_e2e.py::test_w087_create PASSED                   [ 10%]
tests/test_w087_consol_e2e.py::test_w087_list PASSED                     [ 10%]
tests/test_w087_consol_e2e.py::test_w087_get_by_id PASSED                [ 10%]
tests/test_w087_consol_e2e.py::test_w087_get_not_found PASSED            [ 10%]
tests/test_w087_consol_e2e.py::test_w087_verify_export PASSED            [ 10%]
tests/test_w087_consol_e2e.py::test_w087_verify_export_not_found PASSED  [ 10%]
tests/test_w087_consol_e2e.py::test_w087_audit_event_emitted PASSED      [ 10%]
tests/test_w087_consol_e2e.py::test_w087_determinism PASSED              [ 10%]
tests/test_w087_consol_e2e.py::test_w087_break_it_empty_body PASSED      [ 10%]
tests/test_w087_consol_e2e.py::test_w087_integration_create_list_get PASSED [ 10%]
tests/test_w088_consol_regression.py::test_w088_service_starts_empty PASSED [ 10%]
tests/test_w088_consol_regression.py::test_w088_create PASSED            [ 10%]
tests/test_w088_consol_regression.py::test_w088_list PASSED              [ 10%]
tests/test_w088_consol_regression.py::test_w088_get_by_id PASSED         [ 10%]
tests/test_w088_consol_regression.py::test_w088_get_not_found PASSED     [ 10%]
tests/test_w088_consol_regression.py::test_w088_measure PASSED           [ 10%]
tests/test_w088_consol_regression.py::test_w088_measure_not_found PASSED [ 10%]
tests/test_w088_consol_regression.py::test_w088_audit_event_emitted PASSED [ 10%]
tests/test_w088_consol_regression.py::test_w088_determinism PASSED       [ 10%]
tests/test_w088_consol_regression.py::test_w088_break_it_empty_body PASSED [ 10%]
tests/test_w088_consol_regression.py::test_w088_integration_create_list_get PASSED [ 10%]
tests/test_w089_consol_perf.py::test_w089_service_starts_empty PASSED    [ 10%]
tests/test_w089_consol_perf.py::test_w089_create PASSED                  [ 10%]
tests/test_w089_consol_perf.py::test_w089_list PASSED                    [ 10%]
tests/test_w089_consol_perf.py::test_w089_get_by_id PASSED               [ 10%]
tests/test_w089_consol_perf.py::test_w089_get_not_found PASSED           [ 10%]
tests/test_w089_consol_perf.py::test_w089_set_budget PASSED              [ 10%]
tests/test_w089_consol_perf.py::test_w089_set_budget_not_found PASSED    [ 10%]
tests/test_w089_consol_perf.py::test_w089_audit_event_emitted PASSED     [ 10%]
tests/test_w089_consol_perf.py::test_w089_determinism PASSED             [ 10%]
tests/test_w089_consol_perf.py::test_w089_break_it_empty_body PASSED     [ 10%]
tests/test_w089_consol_perf.py::test_w089_integration_create_list_get PASSED [ 10%]
tests/test_w08_review_queue.py::test_w08_service_starts_empty PASSED     [ 10%]
tests/test_w08_review_queue.py::test_w08_create PASSED                   [ 10%]
tests/test_w08_review_queue.py::test_w08_list PASSED                     [ 10%]
tests/test_w08_review_queue.py::test_w08_get_by_id PASSED                [ 11%]
tests/test_w08_review_queue.py::test_w08_get_not_found PASSED            [ 11%]
tests/test_w08_review_queue.py::test_w08_decide PASSED                   [ 11%]
tests/test_w08_review_queue.py::test_w08_decide_not_found PASSED         [ 11%]
tests/test_w08_review_queue.py::test_w08_audit_event_emitted PASSED      [ 11%]
tests/test_w08_review_queue.py::test_w08_determinism PASSED              [ 11%]
tests/test_w08_review_queue.py::test_w08_break_it_empty_body PASSED      [ 11%]
tests/test_w090_consol_tour.py::test_w090_service_starts_empty PASSED    [ 11%]
tests/test_w090_consol_tour.py::test_w090_create PASSED                  [ 11%]
tests/test_w090_consol_tour.py::test_w090_list PASSED                    [ 11%]
tests/test_w090_consol_tour.py::test_w090_get_by_id PASSED               [ 11%]
tests/test_w090_consol_tour.py::test_w090_get_not_found PASSED           [ 11%]
tests/test_w090_consol_tour.py::test_w090_run_tour PASSED                [ 11%]
tests/test_w090_consol_tour.py::test_w090_verify_determinism PASSED      [ 11%]
tests/test_w090_consol_tour.py::test_w090_run_tour_not_found PASSED      [ 11%]
tests/test_w090_consol_tour.py::test_w090_audit_event_emitted PASSED     [ 11%]
tests/test_w090_consol_tour.py::test_w090_determinism PASSED             [ 11%]
tests/test_w090_consol_tour.py::test_w090_break_it_empty_body PASSED     [ 11%]
tests/test_w090_consol_tour.py::test_w090_integration_create_list_get PASSED [ 11%]
tests/test_w091_workflow_plugin.py::test_w091_service_starts_empty PASSED [ 11%]
tests/test_w091_workflow_plugin.py::test_w091_create PASSED              [ 11%]
tests/test_w091_workflow_plugin.py::test_w091_list PASSED                [ 11%]
tests/test_w091_workflow_plugin.py::test_w091_get_by_id PASSED           [ 11%]
tests/test_w091_workflow_plugin.py::test_w091_get_not_found PASSED       [ 11%]
tests/test_w091_workflow_plugin.py::test_w091_verify_signature PASSED    [ 11%]
tests/test_w091_workflow_plugin.py::test_w091_enable PASSED              [ 11%]
tests/test_w091_workflow_plugin.py::test_w091_disable PASSED             [ 11%]
tests/test_w091_workflow_plugin.py::test_w091_verify_signature_not_found PASSED [ 11%]
tests/test_w091_workflow_plugin.py::test_w091_audit_event_emitted PASSED [ 11%]
tests/test_w091_workflow_plugin.py::test_w091_determinism PASSED         [ 11%]
tests/test_w091_workflow_plugin.py::test_w091_break_it_empty_body PASSED [ 11%]
tests/test_w091_workflow_plugin.py::test_w091_integration_create_list_get PASSED [ 11%]
tests/test_w092_workflow_marketplace.py::test_w092_service_starts_empty PASSED [ 11%]
tests/test_w092_workflow_marketplace.py::test_w092_create PASSED         [ 11%]
tests/test_w092_workflow_marketplace.py::test_w092_list PASSED           [ 11%]
tests/test_w092_workflow_marketplace.py::test_w092_get_by_id PASSED      [ 11%]
tests/test_w092_workflow_marketplace.py::test_w092_get_not_found PASSED  [ 11%]
tests/test_w092_workflow_marketplace.py::test_w092_import_template PASSED [ 11%]
tests/test_w092_workflow_marketplace.py::test_w092_verify_template PASSED [ 11%]
tests/test_w092_workflow_marketplace.py::test_w092_import_template_not_found PASSED [ 11%]
tests/test_w092_workflow_marketplace.py::test_w092_audit_event_emitted PASSED [ 11%]
tests/test_w092_workflow_marketplace.py::test_w092_determinism PASSED    [ 12%]
tests/test_w092_workflow_marketplace.py::test_w092_break_it_empty_body PASSED [ 12%]
tests/test_w092_workflow_marketplace.py::test_w092_integration_create_list_get PASSED [ 12%]
tests/test_w093_report_marketplace.py::test_w093_service_starts_empty PASSED [ 12%]
tests/test_w093_report_marketplace.py::test_w093_create PASSED           [ 12%]
tests/test_w093_report_marketplace.py::test_w093_list PASSED             [ 12%]
tests/test_w093_report_marketplace.py::test_w093_get_by_id PASSED        [ 12%]
tests/test_w093_report_marketplace.py::test_w093_get_not_found PASSED    [ 12%]
tests/test_w093_report_marketplace.py::test_w093_render PASSED           [ 12%]
tests/test_w093_report_marketplace.py::test_w093_verify_render PASSED    [ 12%]
tests/test_w093_report_marketplace.py::test_w093_import_report PASSED    [ 12%]
tests/test_w093_report_marketplace.py::test_w093_render_not_found PASSED [ 12%]
tests/test_w093_report_marketplace.py::test_w093_audit_event_emitted PASSED [ 12%]
tests/test_w093_report_marketplace.py::test_w093_determinism PASSED      [ 12%]
tests/test_w093_report_marketplace.py::test_w093_break_it_empty_body PASSED [ 12%]
tests/test_w093_report_marketplace.py::test_w093_integration_create_list_get PASSED [ 12%]
tests/test_w094_mapping_marketplace.py::test_w094_service_starts_empty PASSED [ 12%]
tests/test_w094_mapping_marketplace.py::test_w094_create PASSED          [ 12%]
tests/test_w094_mapping_marketplace.py::test_w094_list PASSED            [ 12%]
tests/test_w094_mapping_marketplace.py::test_w094_get_by_id PASSED       [ 12%]
tests/test_w094_mapping_marketplace.py::test_w094_get_not_found PASSED   [ 12%]
tests/test_w094_mapping_marketplace.py::test_w094_import_mapping PASSED  [ 12%]
tests/test_w094_mapping_marketplace.py::test_w094_verify_mapping PASSED  [ 12%]
tests/test_w094_mapping_marketplace.py::test_w094_import_mapping_not_found PASSED [ 12%]
tests/test_w094_mapping_marketplace.py::test_w094_audit_event_emitted PASSED [ 12%]
tests/test_w094_mapping_marketplace.py::test_w094_determinism PASSED     [ 12%]
tests/test_w094_mapping_marketplace.py::test_w094_break_it_empty_body PASSED [ 12%]
tests/test_w094_mapping_marketplace.py::test_w094_integration_create_list_get PASSED [ 12%]
tests/test_w095_template_governance.py::test_w095_service_starts_empty PASSED [ 12%]
tests/test_w095_template_governance.py::test_w095_create PASSED          [ 12%]
tests/test_w095_template_governance.py::test_w095_list PASSED            [ 12%]
tests/test_w095_template_governance.py::test_w095_get_by_id PASSED       [ 12%]
tests/test_w095_template_governance.py::test_w095_get_not_found PASSED   [ 12%]
tests/test_w095_template_governance.py::test_w095_approve PASSED         [ 12%]
tests/test_w095_template_governance.py::test_w095_deny PASSED            [ 12%]
tests/test_w095_template_governance.py::test_w095_approve_not_found PASSED [ 12%]
tests/test_w095_template_governance.py::test_w095_audit_event_emitted PASSED [ 12%]
tests/test_w095_template_governance.py::test_w095_determinism PASSED     [ 12%]
tests/test_w095_template_governance.py::test_w095_break_it_empty_body PASSED [ 12%]
tests/test_w095_template_governance.py::test_w095_integration_create_list_get PASSED [ 12%]
tests/test_w096_marketplace_e2e.py::test_w096_service_starts_empty PASSED [ 13%]
tests/test_w096_marketplace_e2e.py::test_w096_create PASSED              [ 13%]
tests/test_w096_marketplace_e2e.py::test_w096_list PASSED                [ 13%]
tests/test_w096_marketplace_e2e.py::test_w096_get_by_id PASSED           [ 13%]
tests/test_w096_marketplace_e2e.py::test_w096_get_not_found PASSED       [ 13%]
tests/test_w096_marketplace_e2e.py::test_w096_advance PASSED             [ 13%]
tests/test_w096_marketplace_e2e.py::test_w096_verify PASSED              [ 13%]
tests/test_w096_marketplace_e2e.py::test_w096_advance_not_found PASSED   [ 13%]
tests/test_w096_marketplace_e2e.py::test_w096_audit_event_emitted PASSED [ 13%]
tests/test_w096_marketplace_e2e.py::test_w096_determinism PASSED         [ 13%]
tests/test_w096_marketplace_e2e.py::test_w096_break_it_empty_body PASSED [ 13%]
tests/test_w096_marketplace_e2e.py::test_w096_integration_create_list_get PASSED [ 13%]
tests/test_w097_breaking_change.py::test_w097_service_starts_empty PASSED [ 13%]
tests/test_w097_breaking_change.py::test_w097_create PASSED              [ 13%]
tests/test_w097_breaking_change.py::test_w097_list PASSED                [ 13%]
tests/test_w097_breaking_change.py::test_w097_get_by_id PASSED           [ 13%]
tests/test_w097_breaking_change.py::test_w097_get_not_found PASSED       [ 13%]
tests/test_w097_breaking_change.py::test_w097_suggest_migration PASSED   [ 13%]
tests/test_w097_breaking_change.py::test_w097_suggest_migration_not_found PASSED [ 13%]
tests/test_w097_breaking_change.py::test_w097_audit_event_emitted PASSED [ 13%]
tests/test_w097_breaking_change.py::test_w097_determinism PASSED         [ 13%]
tests/test_w097_breaking_change.py::test_w097_break_it_empty_body PASSED [ 13%]
tests/test_w097_breaking_change.py::test_w097_integration_create_list_get PASSED [ 13%]
tests/test_w098_execution_lineage.py::test_w098_service_starts_empty PASSED [ 13%]
tests/test_w098_execution_lineage.py::test_w098_create PASSED            [ 13%]
tests/test_w098_execution_lineage.py::test_w098_list PASSED              [ 13%]
tests/test_w098_execution_lineage.py::test_w098_get_by_id PASSED         [ 13%]
tests/test_w098_execution_lineage.py::test_w098_get_not_found PASSED     [ 13%]
tests/test_w098_execution_lineage.py::test_w098_verify_lineage PASSED    [ 13%]
tests/test_w098_execution_lineage.py::test_w098_verify_lineage_not_found PASSED [ 13%]
tests/test_w098_execution_lineage.py::test_w098_audit_event_emitted PASSED [ 13%]
tests/test_w098_execution_lineage.py::test_w098_determinism PASSED       [ 13%]
tests/test_w098_execution_lineage.py::test_w098_break_it_empty_body PASSED [ 13%]
tests/test_w098_execution_lineage.py::test_w098_integration_create_list_get PASSED [ 13%]
tests/test_w099_template_proof.py::test_w099_service_starts_empty PASSED [ 13%]
tests/test_w099_template_proof.py::test_w099_create PASSED               [ 13%]
tests/test_w099_template_proof.py::test_w099_list PASSED                 [ 13%]
tests/test_w099_template_proof.py::test_w099_get_by_id PASSED            [ 13%]
tests/test_w099_template_proof.py::test_w099_get_not_found PASSED        [ 13%]
tests/test_w099_template_proof.py::test_w099_verify_proof PASSED         [ 13%]
tests/test_w099_template_proof.py::test_w099_verify_proof_not_found PASSED [ 14%]
tests/test_w099_template_proof.py::test_w099_audit_event_emitted PASSED  [ 14%]
tests/test_w099_template_proof.py::test_w099_determinism PASSED          [ 14%]
tests/test_w099_template_proof.py::test_w099_break_it_empty_body PASSED  [ 14%]
tests/test_w099_template_proof.py::test_w099_integration_create_list_get PASSED [ 14%]
tests/test_w09_evidence_binder.py::test_w09_service_starts_empty PASSED  [ 14%]
tests/test_w09_evidence_binder.py::test_w09_create PASSED                [ 14%]
tests/test_w09_evidence_binder.py::test_w09_list PASSED                  [ 14%]
tests/test_w09_evidence_binder.py::test_w09_get_by_id PASSED             [ 14%]
tests/test_w09_evidence_binder.py::test_w09_get_not_found PASSED         [ 14%]
tests/test_w09_evidence_binder.py::test_w09_add_section PASSED           [ 14%]
tests/test_w09_evidence_binder.py::test_w09_finalize PASSED              [ 14%]
tests/test_w09_evidence_binder.py::test_w09_add_section_not_found PASSED [ 14%]
tests/test_w09_evidence_binder.py::test_w09_audit_event_emitted PASSED   [ 14%]
tests/test_w09_evidence_binder.py::test_w09_determinism PASSED           [ 14%]
tests/test_w09_evidence_binder.py::test_w09_break_it_empty_body PASSED   [ 14%]
tests/test_w100_demo_marketplace.py::test_w100_service_starts_empty PASSED [ 14%]
tests/test_w100_demo_marketplace.py::test_w100_create PASSED             [ 14%]
tests/test_w100_demo_marketplace.py::test_w100_list PASSED               [ 14%]
tests/test_w100_demo_marketplace.py::test_w100_get_by_id PASSED          [ 14%]
tests/test_w100_demo_marketplace.py::test_w100_get_not_found PASSED      [ 14%]
tests/test_w100_demo_marketplace.py::test_w100_advance PASSED            [ 14%]
tests/test_w100_demo_marketplace.py::test_w100_verify_demo PASSED        [ 14%]
tests/test_w100_demo_marketplace.py::test_w100_advance_not_found PASSED  [ 14%]
tests/test_w100_demo_marketplace.py::test_w100_audit_event_emitted PASSED [ 14%]
tests/test_w100_demo_marketplace.py::test_w100_determinism PASSED        [ 14%]
tests/test_w100_demo_marketplace.py::test_w100_break_it_empty_body PASSED [ 14%]
tests/test_w100_demo_marketplace.py::test_w100_integration_create_list_get PASSED [ 14%]
tests/test_w101_soc2_evidence.py::test_w101_service_starts_empty PASSED  [ 14%]
tests/test_w101_soc2_evidence.py::test_w101_create PASSED                [ 14%]
tests/test_w101_soc2_evidence.py::test_w101_list PASSED                  [ 14%]
tests/test_w101_soc2_evidence.py::test_w101_get_by_id PASSED             [ 14%]
tests/test_w101_soc2_evidence.py::test_w101_get_not_found PASSED         [ 14%]
tests/test_w101_soc2_evidence.py::test_w101_verify_evidence PASSED       [ 14%]
tests/test_w101_soc2_evidence.py::test_w101_verify_evidence_not_found PASSED [ 14%]
tests/test_w101_soc2_evidence.py::test_w101_audit_event_emitted PASSED   [ 14%]
tests/test_w101_soc2_evidence.py::test_w101_determinism PASSED           [ 14%]
tests/test_w101_soc2_evidence.py::test_w101_break_it_empty_body PASSED   [ 14%]
tests/test_w101_soc2_evidence.py::test_w101_integration_create_list_get PASSED [ 14%]
tests/test_w102_iso_mapping.py::test_w102_service_starts_empty PASSED    [ 14%]
tests/test_w102_iso_mapping.py::test_w102_create PASSED                  [ 14%]
tests/test_w102_iso_mapping.py::test_w102_list PASSED                    [ 15%]
tests/test_w102_iso_mapping.py::test_w102_get_by_id PASSED               [ 15%]
tests/test_w102_iso_mapping.py::test_w102_get_not_found PASSED           [ 15%]
tests/test_w102_iso_mapping.py::test_w102_assess_coverage PASSED         [ 15%]
tests/test_w102_iso_mapping.py::test_w102_assess_coverage_not_found PASSED [ 15%]
tests/test_w102_iso_mapping.py::test_w102_audit_event_emitted PASSED     [ 15%]
tests/test_w102_iso_mapping.py::test_w102_determinism PASSED             [ 15%]
tests/test_w102_iso_mapping.py::test_w102_break_it_empty_body PASSED     [ 15%]
tests/test_w102_iso_mapping.py::test_w102_integration_create_list_get PASSED [ 15%]
tests/test_w103_ediscovery.py::test_w103_service_starts_empty PASSED     [ 15%]
tests/test_w103_ediscovery.py::test_w103_create PASSED                   [ 15%]
tests/test_w103_ediscovery.py::test_w103_list PASSED                     [ 15%]
tests/test_w103_ediscovery.py::test_w103_get_by_id PASSED                [ 15%]
tests/test_w103_ediscovery.py::test_w103_get_not_found PASSED            [ 15%]
tests/test_w103_ediscovery.py::test_w103_approve_hold PASSED             [ 15%]
tests/test_w103_ediscovery.py::test_w103_scope_export PASSED             [ 15%]
tests/test_w103_ediscovery.py::test_w103_release_hold PASSED             [ 15%]
tests/test_w103_ediscovery.py::test_w103_approve_hold_not_found PASSED   [ 15%]
tests/test_w103_ediscovery.py::test_w103_audit_event_emitted PASSED      [ 15%]
tests/test_w103_ediscovery.py::test_w103_determinism PASSED              [ 15%]
tests/test_w103_ediscovery.py::test_w103_break_it_empty_body PASSED      [ 15%]
tests/test_w103_ediscovery.py::test_w103_integration_create_list_get PASSED [ 15%]
tests/test_w104_gdpr_redaction.py::test_w104_service_starts_empty PASSED [ 15%]
tests/test_w104_gdpr_redaction.py::test_w104_create PASSED               [ 15%]
tests/test_w104_gdpr_redaction.py::test_w104_list PASSED                 [ 15%]
tests/test_w104_gdpr_redaction.py::test_w104_get_by_id PASSED            [ 15%]
tests/test_w104_gdpr_redaction.py::test_w104_get_not_found PASSED        [ 15%]
tests/test_w104_gdpr_redaction.py::test_w104_execute_redaction PASSED    [ 15%]
tests/test_w104_gdpr_redaction.py::test_w104_verify_integrity PASSED     [ 15%]
tests/test_w104_gdpr_redaction.py::test_w104_execute_redaction_not_found PASSED [ 15%]
tests/test_w104_gdpr_redaction.py::test_w104_audit_event_emitted PASSED  [ 15%]
tests/test_w104_gdpr_redaction.py::test_w104_determinism PASSED          [ 15%]
tests/test_w104_gdpr_redaction.py::test_w104_break_it_empty_body PASSED  [ 15%]
tests/test_w104_gdpr_redaction.py::test_w104_integration_create_list_get PASSED [ 15%]
tests/test_w105_key_management.py::test_w105_service_starts_empty PASSED [ 15%]
tests/test_w105_key_management.py::test_w105_create PASSED               [ 15%]
tests/test_w105_key_management.py::test_w105_list PASSED                 [ 15%]
tests/test_w105_key_management.py::test_w105_get_by_id PASSED            [ 15%]
tests/test_w105_key_management.py::test_w105_get_not_found PASSED        [ 15%]
tests/test_w105_key_management.py::test_w105_rotate_key PASSED           [ 15%]
tests/test_w105_key_management.py::test_w105_verify_backward PASSED      [ 16%]
tests/test_w105_key_management.py::test_w105_rotate_key_not_found PASSED [ 16%]
tests/test_w105_key_management.py::test_w105_audit_event_emitted PASSED  [ 16%]
tests/test_w105_key_management.py::test_w105_determinism PASSED          [ 16%]
tests/test_w105_key_management.py::test_w105_break_it_empty_body PASSED  [ 16%]
tests/test_w105_key_management.py::test_w105_integration_create_list_get PASSED [ 16%]
tests/test_w106_compliance_signing.py::test_w106_service_starts_empty PASSED [ 16%]
tests/test_w106_compliance_signing.py::test_w106_create PASSED           [ 16%]
tests/test_w106_compliance_signing.py::test_w106_list PASSED             [ 16%]
tests/test_w106_compliance_signing.py::test_w106_get_by_id PASSED        [ 16%]
tests/test_w106_compliance_signing.py::test_w106_get_not_found PASSED    [ 16%]
tests/test_w106_compliance_signing.py::test_w106_sign_bundle PASSED      [ 16%]
tests/test_w106_compliance_signing.py::test_w106_verify_tamper PASSED    [ 16%]
tests/test_w106_compliance_signing.py::test_w106_sign_bundle_not_found PASSED [ 16%]
tests/test_w106_compliance_signing.py::test_w106_audit_event_emitted PASSED [ 16%]
tests/test_w106_compliance_signing.py::test_w106_determinism PASSED      [ 16%]
tests/test_w106_compliance_signing.py::test_w106_break_it_empty_body PASSED [ 16%]
tests/test_w106_compliance_signing.py::test_w106_integration_create_list_get PASSED [ 16%]
tests/test_w107_compliance_e2e.py::test_w107_service_starts_empty PASSED [ 16%]
tests/test_w107_compliance_e2e.py::test_w107_create PASSED               [ 16%]
tests/test_w107_compliance_e2e.py::test_w107_list PASSED                 [ 16%]
tests/test_w107_compliance_e2e.py::test_w107_get_by_id PASSED            [ 16%]
tests/test_w107_compliance_e2e.py::test_w107_get_not_found PASSED        [ 16%]
tests/test_w107_compliance_e2e.py::test_w107_verify_export PASSED        [ 16%]
tests/test_w107_compliance_e2e.py::test_w107_verify_export_not_found PASSED [ 16%]
tests/test_w107_compliance_e2e.py::test_w107_audit_event_emitted PASSED  [ 16%]
tests/test_w107_compliance_e2e.py::test_w107_determinism PASSED          [ 16%]
tests/test_w107_compliance_e2e.py::test_w107_break_it_empty_body PASSED  [ 16%]
tests/test_w107_compliance_e2e.py::test_w107_integration_create_list_get PASSED [ 16%]
tests/test_w108_compliance_chaos.py::test_w108_service_starts_empty PASSED [ 16%]
tests/test_w108_compliance_chaos.py::test_w108_create PASSED             [ 16%]
tests/test_w108_compliance_chaos.py::test_w108_list PASSED               [ 16%]
tests/test_w108_compliance_chaos.py::test_w108_get_by_id PASSED          [ 16%]
tests/test_w108_compliance_chaos.py::test_w108_get_not_found PASSED      [ 16%]
tests/test_w108_compliance_chaos.py::test_w108_verify_safety PASSED      [ 16%]
tests/test_w108_compliance_chaos.py::test_w108_verify_safety_not_found PASSED [ 16%]
tests/test_w108_compliance_chaos.py::test_w108_audit_event_emitted PASSED [ 16%]
tests/test_w108_compliance_chaos.py::test_w108_determinism PASSED        [ 16%]
tests/test_w108_compliance_chaos.py::test_w108_break_it_empty_body PASSED [ 16%]
tests/test_w108_compliance_chaos.py::test_w108_integration_create_list_get PASSED [ 16%]
tests/test_w109_compliance_regression.py::test_w109_service_starts_empty PASSED [ 16%]
tests/test_w109_compliance_regression.py::test_w109_create PASSED        [ 17%]
tests/test_w109_compliance_regression.py::test_w109_list PASSED          [ 17%]
tests/test_w109_compliance_regression.py::test_w109_get_by_id PASSED     [ 17%]
tests/test_w109_compliance_regression.py::test_w109_get_not_found PASSED [ 17%]
tests/test_w109_compliance_regression.py::test_w109_measure PASSED       [ 17%]
tests/test_w109_compliance_regression.py::test_w109_measure_not_found PASSED [ 17%]
tests/test_w109_compliance_regression.py::test_w109_audit_event_emitted PASSED [ 17%]
tests/test_w109_compliance_regression.py::test_w109_determinism PASSED   [ 17%]
tests/test_w109_compliance_regression.py::test_w109_break_it_empty_body PASSED [ 17%]
tests/test_w109_compliance_regression.py::test_w109_integration_create_list_get PASSED [ 17%]
tests/test_w10_eval_harness.py::test_w10_service_starts_empty PASSED     [ 17%]
tests/test_w10_eval_harness.py::test_w10_create PASSED                   [ 17%]
tests/test_w10_eval_harness.py::test_w10_list PASSED                     [ 17%]
tests/test_w10_eval_harness.py::test_w10_get_by_id PASSED                [ 17%]
tests/test_w10_eval_harness.py::test_w10_get_not_found PASSED            [ 17%]
tests/test_w10_eval_harness.py::test_w10_audit_event_emitted PASSED      [ 17%]
tests/test_w10_eval_harness.py::test_w10_determinism PASSED              [ 17%]
tests/test_w10_eval_harness.py::test_w10_break_it_empty_body PASSED      [ 17%]
tests/test_w110_compliance_tour.py::test_w110_service_starts_empty PASSED [ 17%]
tests/test_w110_compliance_tour.py::test_w110_create PASSED              [ 17%]
tests/test_w110_compliance_tour.py::test_w110_list PASSED                [ 17%]
tests/test_w110_compliance_tour.py::test_w110_get_by_id PASSED           [ 17%]
tests/test_w110_compliance_tour.py::test_w110_get_not_found PASSED       [ 17%]
tests/test_w110_compliance_tour.py::test_w110_run_tour PASSED            [ 17%]
tests/test_w110_compliance_tour.py::test_w110_verify_tour PASSED         [ 17%]
tests/test_w110_compliance_tour.py::test_w110_run_tour_not_found PASSED  [ 17%]
tests/test_w110_compliance_tour.py::test_w110_audit_event_emitted PASSED [ 17%]
tests/test_w110_compliance_tour.py::test_w110_determinism PASSED         [ 17%]
tests/test_w110_compliance_tour.py::test_w110_break_it_empty_body PASSED [ 17%]
tests/test_w110_compliance_tour.py::test_w110_integration_create_list_get PASSED [ 17%]
tests/test_w111_data_lake_export.py::test_w111_service_starts_empty PASSED [ 17%]
tests/test_w111_data_lake_export.py::test_w111_create PASSED             [ 17%]
tests/test_w111_data_lake_export.py::test_w111_list PASSED               [ 17%]
tests/test_w111_data_lake_export.py::test_w111_get_by_id PASSED          [ 17%]
tests/test_w111_data_lake_export.py::test_w111_get_not_found PASSED      [ 17%]
tests/test_w111_data_lake_export.py::test_w111_verify_export PASSED      [ 17%]
tests/test_w111_data_lake_export.py::test_w111_verify_export_not_found PASSED [ 17%]
tests/test_w111_data_lake_export.py::test_w111_audit_event_emitted PASSED [ 17%]
tests/test_w111_data_lake_export.py::test_w111_determinism PASSED        [ 17%]
tests/test_w111_data_lake_export.py::test_w111_break_it_empty_body PASSED [ 17%]
tests/test_w111_data_lake_export.py::test_w111_integration_create_list_get PASSED [ 18%]
tests/test_w112_lineage_manifest.py::test_w112_service_starts_empty PASSED [ 18%]
tests/test_w112_lineage_manifest.py::test_w112_create PASSED             [ 18%]
tests/test_w112_lineage_manifest.py::test_w112_list PASSED               [ 18%]
tests/test_w112_lineage_manifest.py::test_w112_get_by_id PASSED          [ 18%]
tests/test_w112_lineage_manifest.py::test_w112_get_not_found PASSED      [ 18%]
tests/test_w112_lineage_manifest.py::test_w112_verify_manifest PASSED    [ 18%]
tests/test_w112_lineage_manifest.py::test_w112_verify_manifest_not_found PASSED [ 18%]
tests/test_w112_lineage_manifest.py::test_w112_audit_event_emitted PASSED [ 18%]
tests/test_w112_lineage_manifest.py::test_w112_determinism PASSED        [ 18%]
tests/test_w112_lineage_manifest.py::test_w112_break_it_empty_body PASSED [ 18%]
tests/test_w112_lineage_manifest.py::test_w112_integration_create_list_get PASSED [ 18%]
tests/test_w113_query_language.py::test_w113_service_starts_empty PASSED [ 18%]
tests/test_w113_query_language.py::test_w113_create PASSED               [ 18%]
tests/test_w113_query_language.py::test_w113_list PASSED                 [ 18%]
tests/test_w113_query_language.py::test_w113_get_by_id PASSED            [ 18%]
tests/test_w113_query_language.py::test_w113_get_not_found PASSED        [ 18%]
tests/test_w113_query_language.py::test_w113_save_query PASSED           [ 18%]
tests/test_w113_query_language.py::test_w113_save_query_not_found PASSED [ 18%]
tests/test_w113_query_language.py::test_w113_audit_event_emitted PASSED  [ 18%]
tests/test_w113_query_language.py::test_w113_determinism PASSED          [ 18%]
tests/test_w113_query_language.py::test_w113_break_it_empty_body PASSED  [ 18%]
tests/test_w113_query_language.py::test_w113_integration_create_list_get PASSED [ 18%]
tests/test_w114_deterministic_paging.py::test_w114_service_starts_empty PASSED [ 18%]
tests/test_w114_deterministic_paging.py::test_w114_create PASSED         [ 18%]
tests/test_w114_deterministic_paging.py::test_w114_list PASSED           [ 18%]
tests/test_w114_deterministic_paging.py::test_w114_get_by_id PASSED      [ 18%]
tests/test_w114_deterministic_paging.py::test_w114_get_not_found PASSED  [ 18%]
tests/test_w114_deterministic_paging.py::test_w114_verify_order PASSED   [ 18%]
tests/test_w114_deterministic_paging.py::test_w114_verify_order_not_found PASSED [ 18%]
tests/test_w114_deterministic_paging.py::test_w114_audit_event_emitted PASSED [ 18%]
tests/test_w114_deterministic_paging.py::test_w114_determinism PASSED    [ 18%]
tests/test_w114_deterministic_paging.py::test_w114_break_it_empty_body PASSED [ 18%]
tests/test_w114_deterministic_paging.py::test_w114_integration_create_list_get PASSED [ 18%]
tests/test_w115_query_export_e2e.py::test_w115_service_starts_empty PASSED [ 18%]
tests/test_w115_query_export_e2e.py::test_w115_create PASSED             [ 18%]
tests/test_w115_query_export_e2e.py::test_w115_list PASSED               [ 18%]
tests/test_w115_query_export_e2e.py::test_w115_get_by_id PASSED          [ 18%]
tests/test_w115_query_export_e2e.py::test_w115_get_not_found PASSED      [ 18%]
tests/test_w115_query_export_e2e.py::test_w115_verify PASSED             [ 18%]
tests/test_w115_query_export_e2e.py::test_w115_verify_not_found PASSED   [ 19%]
tests/test_w115_query_export_e2e.py::test_w115_audit_event_emitted PASSED [ 19%]
tests/test_w115_query_export_e2e.py::test_w115_determinism PASSED        [ 19%]
tests/test_w115_query_export_e2e.py::test_w115_break_it_empty_body PASSED [ 19%]
tests/test_w115_query_export_e2e.py::test_w115_integration_create_list_get PASSED [ 19%]
tests/test_w116_dq_export_gate.py::test_w116_service_starts_empty PASSED [ 19%]
tests/test_w116_dq_export_gate.py::test_w116_create PASSED               [ 19%]
tests/test_w116_dq_export_gate.py::test_w116_list PASSED                 [ 19%]
tests/test_w116_dq_export_gate.py::test_w116_get_by_id PASSED            [ 19%]
tests/test_w116_dq_export_gate.py::test_w116_get_not_found PASSED        [ 19%]
tests/test_w116_dq_export_gate.py::test_w116_approve_override PASSED     [ 19%]
tests/test_w116_dq_export_gate.py::test_w116_approve_override_not_found PASSED [ 19%]
tests/test_w116_dq_export_gate.py::test_w116_audit_event_emitted PASSED  [ 19%]
tests/test_w116_dq_export_gate.py::test_w116_determinism PASSED          [ 19%]
tests/test_w116_dq_export_gate.py::test_w116_break_it_empty_body PASSED  [ 19%]
tests/test_w116_dq_export_gate.py::test_w116_integration_create_list_get PASSED [ 19%]
tests/test_w117_data_perf_25x.py::test_w117_service_starts_empty PASSED  [ 19%]
tests/test_w117_data_perf_25x.py::test_w117_create PASSED                [ 19%]
tests/test_w117_data_perf_25x.py::test_w117_list PASSED                  [ 19%]
tests/test_w117_data_perf_25x.py::test_w117_get_by_id PASSED             [ 19%]
tests/test_w117_data_perf_25x.py::test_w117_get_not_found PASSED         [ 19%]
tests/test_w117_data_perf_25x.py::test_w117_set_budget PASSED            [ 19%]
tests/test_w117_data_perf_25x.py::test_w117_set_budget_not_found PASSED  [ 19%]
tests/test_w117_data_perf_25x.py::test_w117_audit_event_emitted PASSED   [ 19%]
tests/test_w117_data_perf_25x.py::test_w117_determinism PASSED           [ 19%]
tests/test_w117_data_perf_25x.py::test_w117_break_it_empty_body PASSED   [ 19%]
tests/test_w117_data_perf_25x.py::test_w117_integration_create_list_get PASSED [ 19%]
tests/test_w118_schema_versioning.py::test_w118_service_starts_empty PASSED [ 19%]
tests/test_w118_schema_versioning.py::test_w118_create PASSED            [ 19%]
tests/test_w118_schema_versioning.py::test_w118_list PASSED              [ 19%]
tests/test_w118_schema_versioning.py::test_w118_get_by_id PASSED         [ 19%]
tests/test_w118_schema_versioning.py::test_w118_get_not_found PASSED     [ 19%]
tests/test_w118_schema_versioning.py::test_w118_apply_migration PASSED   [ 19%]
tests/test_w118_schema_versioning.py::test_w118_rollback_schema PASSED   [ 19%]
tests/test_w118_schema_versioning.py::test_w118_apply_migration_not_found PASSED [ 19%]
tests/test_w118_schema_versioning.py::test_w118_audit_event_emitted PASSED [ 19%]
tests/test_w118_schema_versioning.py::test_w118_determinism PASSED       [ 19%]
tests/test_w118_schema_versioning.py::test_w118_break_it_empty_body PASSED [ 19%]
tests/test_w118_schema_versioning.py::test_w118_integration_create_list_get PASSED [ 19%]
tests/test_w119_data_proof.py::test_w119_service_starts_empty PASSED     [ 19%]
tests/test_w119_data_proof.py::test_w119_create PASSED                   [ 19%]
tests/test_w119_data_proof.py::test_w119_list PASSED                     [ 20%]
tests/test_w119_data_proof.py::test_w119_get_by_id PASSED                [ 20%]
tests/test_w119_data_proof.py::test_w119_get_not_found PASSED            [ 20%]
tests/test_w119_data_proof.py::test_w119_verify_proof PASSED             [ 20%]
tests/test_w119_data_proof.py::test_w119_verify_proof_not_found PASSED   [ 20%]
tests/test_w119_data_proof.py::test_w119_audit_event_emitted PASSED      [ 20%]
tests/test_w119_data_proof.py::test_w119_determinism PASSED              [ 20%]
tests/test_w119_data_proof.py::test_w119_break_it_empty_body PASSED      [ 20%]
tests/test_w119_data_proof.py::test_w119_integration_create_list_get PASSED [ 20%]
tests/test_w11_tenant.py::test_w11_service_starts_empty PASSED           [ 20%]
tests/test_w11_tenant.py::test_w11_create PASSED                         [ 20%]
tests/test_w11_tenant.py::test_w11_list PASSED                           [ 20%]
tests/test_w11_tenant.py::test_w11_get_by_id PASSED                      [ 20%]
tests/test_w11_tenant.py::test_w11_get_not_found PASSED                  [ 20%]
tests/test_w11_tenant.py::test_w11_update PASSED                         [ 20%]
tests/test_w11_tenant.py::test_w11_suspend PASSED                        [ 20%]
tests/test_w11_tenant.py::test_w11_suspend_not_found PASSED              [ 20%]
tests/test_w11_tenant.py::test_w11_audit_event_emitted PASSED            [ 20%]
tests/test_w11_tenant.py::test_w11_determinism PASSED                    [ 20%]
tests/test_w11_tenant.py::test_w11_break_it_empty_body PASSED            [ 20%]
tests/test_w120_release_data_bundle.py::test_w120_service_starts_empty PASSED [ 20%]
tests/test_w120_release_data_bundle.py::test_w120_create PASSED          [ 20%]
tests/test_w120_release_data_bundle.py::test_w120_list PASSED            [ 20%]
tests/test_w120_release_data_bundle.py::test_w120_get_by_id PASSED       [ 20%]
tests/test_w120_release_data_bundle.py::test_w120_get_not_found PASSED   [ 20%]
tests/test_w120_release_data_bundle.py::test_w120_verify_bundle PASSED   [ 20%]
tests/test_w120_release_data_bundle.py::test_w120_verify_bundle_not_found PASSED [ 20%]
tests/test_w120_release_data_bundle.py::test_w120_audit_event_emitted PASSED [ 20%]
tests/test_w120_release_data_bundle.py::test_w120_determinism PASSED     [ 20%]
tests/test_w120_release_data_bundle.py::test_w120_break_it_empty_body PASSED [ 20%]
tests/test_w120_release_data_bundle.py::test_w120_integration_create_list_get PASSED [ 20%]
tests/test_w121_abac_engine.py::test_w121_service_starts_empty PASSED    [ 20%]
tests/test_w121_abac_engine.py::test_w121_create PASSED                  [ 20%]
tests/test_w121_abac_engine.py::test_w121_list PASSED                    [ 20%]
tests/test_w121_abac_engine.py::test_w121_get_by_id PASSED               [ 20%]
tests/test_w121_abac_engine.py::test_w121_get_not_found PASSED           [ 20%]
tests/test_w121_abac_engine.py::test_w121_evaluate PASSED                [ 20%]
tests/test_w121_abac_engine.py::test_w121_explain_deny PASSED            [ 20%]
tests/test_w121_abac_engine.py::test_w121_evaluate_not_found PASSED      [ 20%]
tests/test_w121_abac_engine.py::test_w121_audit_event_emitted PASSED     [ 20%]
tests/test_w121_abac_engine.py::test_w121_determinism PASSED             [ 21%]
tests/test_w121_abac_engine.py::test_w121_break_it_empty_body PASSED     [ 21%]
tests/test_w121_abac_engine.py::test_w121_integration_create_list_get PASSED [ 21%]
tests/test_w122_sso_scim.py::test_w122_service_starts_empty PASSED       [ 21%]
tests/test_w122_sso_scim.py::test_w122_create PASSED                     [ 21%]
tests/test_w122_sso_scim.py::test_w122_list PASSED                       [ 21%]
tests/test_w122_sso_scim.py::test_w122_get_by_id PASSED                  [ 21%]
tests/test_w122_sso_scim.py::test_w122_get_not_found PASSED              [ 21%]
tests/test_w122_sso_scim.py::test_w122_sync_users PASSED                 [ 21%]
tests/test_w122_sso_scim.py::test_w122_map_roles PASSED                  [ 21%]
tests/test_w122_sso_scim.py::test_w122_sync_users_not_found PASSED       [ 21%]
tests/test_w122_sso_scim.py::test_w122_audit_event_emitted PASSED        [ 21%]
tests/test_w122_sso_scim.py::test_w122_determinism PASSED                [ 21%]
tests/test_w122_sso_scim.py::test_w122_break_it_empty_body PASSED        [ 21%]
tests/test_w122_sso_scim.py::test_w122_integration_create_list_get PASSED [ 21%]
tests/test_w123_admin_console.py::test_w123_service_starts_empty PASSED  [ 21%]
tests/test_w123_admin_console.py::test_w123_create PASSED                [ 21%]
tests/test_w123_admin_console.py::test_w123_list PASSED                  [ 21%]
tests/test_w123_admin_console.py::test_w123_get_by_id PASSED             [ 21%]
tests/test_w123_admin_console.py::test_w123_get_not_found PASSED         [ 21%]
tests/test_w123_admin_console.py::test_w123_revert_action PASSED         [ 21%]
tests/test_w123_admin_console.py::test_w123_revert_action_not_found PASSED [ 21%]
tests/test_w123_admin_console.py::test_w123_audit_event_emitted PASSED   [ 21%]
tests/test_w123_admin_console.py::test_w123_determinism PASSED           [ 21%]
tests/test_w123_admin_console.py::test_w123_break_it_empty_body PASSED   [ 21%]
tests/test_w123_admin_console.py::test_w123_integration_create_list_get PASSED [ 21%]
tests/test_w124_rbac_abac_e2e.py::test_w124_service_starts_empty PASSED  [ 21%]
tests/test_w124_rbac_abac_e2e.py::test_w124_create PASSED                [ 21%]
tests/test_w124_rbac_abac_e2e.py::test_w124_list PASSED                  [ 21%]
tests/test_w124_rbac_abac_e2e.py::test_w124_get_by_id PASSED             [ 21%]
tests/test_w124_rbac_abac_e2e.py::test_w124_get_not_found PASSED         [ 21%]
tests/test_w124_rbac_abac_e2e.py::test_w124_verify_matrix PASSED         [ 21%]
tests/test_w124_rbac_abac_e2e.py::test_w124_verify_matrix_not_found PASSED [ 21%]
tests/test_w124_rbac_abac_e2e.py::test_w124_audit_event_emitted PASSED   [ 21%]
tests/test_w124_rbac_abac_e2e.py::test_w124_determinism PASSED           [ 21%]
tests/test_w124_rbac_abac_e2e.py::test_w124_break_it_empty_body PASSED   [ 21%]
tests/test_w124_rbac_abac_e2e.py::test_w124_integration_create_list_get PASSED [ 21%]
tests/test_w125_policy_regression.py::test_w125_service_starts_empty PASSED [ 21%]
tests/test_w125_policy_regression.py::test_w125_create PASSED            [ 21%]
tests/test_w125_policy_regression.py::test_w125_list PASSED              [ 21%]
tests/test_w125_policy_regression.py::test_w125_get_by_id PASSED         [ 21%]
tests/test_w125_policy_regression.py::test_w125_get_not_found PASSED     [ 22%]
tests/test_w125_policy_regression.py::test_w125_verify_stability PASSED  [ 22%]
tests/test_w125_policy_regression.py::test_w125_verify_stability_not_found PASSED [ 22%]
tests/test_w125_policy_regression.py::test_w125_audit_event_emitted PASSED [ 22%]
tests/test_w125_policy_regression.py::test_w125_determinism PASSED       [ 22%]
tests/test_w125_policy_regression.py::test_w125_break_it_empty_body PASSED [ 22%]
tests/test_w125_policy_regression.py::test_w125_integration_create_list_get PASSED [ 22%]
tests/test_w126_legal_holds_abac.py::test_w126_service_starts_empty PASSED [ 22%]
tests/test_w126_legal_holds_abac.py::test_w126_create PASSED             [ 22%]
tests/test_w126_legal_holds_abac.py::test_w126_list PASSED               [ 22%]
tests/test_w126_legal_holds_abac.py::test_w126_get_by_id PASSED          [ 22%]
tests/test_w126_legal_holds_abac.py::test_w126_get_not_found PASSED      [ 22%]
tests/test_w126_legal_holds_abac.py::test_w126_enforce PASSED            [ 22%]
tests/test_w126_legal_holds_abac.py::test_w126_release_hold PASSED       [ 22%]
tests/test_w126_legal_holds_abac.py::test_w126_enforce_not_found PASSED  [ 22%]
tests/test_w126_legal_holds_abac.py::test_w126_audit_event_emitted PASSED [ 22%]
tests/test_w126_legal_holds_abac.py::test_w126_determinism PASSED        [ 22%]
tests/test_w126_legal_holds_abac.py::test_w126_break_it_empty_body PASSED [ 22%]
tests/test_w126_legal_holds_abac.py::test_w126_integration_create_list_get PASSED [ 22%]
tests/test_w127_export_perm_gate.py::test_w127_service_starts_empty PASSED [ 22%]
tests/test_w127_export_perm_gate.py::test_w127_create PASSED             [ 22%]
tests/test_w127_export_perm_gate.py::test_w127_list PASSED               [ 22%]
tests/test_w127_export_perm_gate.py::test_w127_get_by_id PASSED          [ 22%]
tests/test_w127_export_perm_gate.py::test_w127_get_not_found PASSED      [ 22%]
tests/test_w127_export_perm_gate.py::test_w127_audit_access PASSED       [ 22%]
tests/test_w127_export_perm_gate.py::test_w127_audit_access_not_found PASSED [ 22%]
tests/test_w127_export_perm_gate.py::test_w127_audit_event_emitted PASSED [ 22%]
tests/test_w127_export_perm_gate.py::test_w127_determinism PASSED        [ 22%]
tests/test_w127_export_perm_gate.py::test_w127_break_it_empty_body PASSED [ 22%]
tests/test_w127_export_perm_gate.py::test_w127_integration_create_list_get PASSED [ 22%]
tests/test_w128_access_audit.py::test_w128_service_starts_empty PASSED   [ 22%]
tests/test_w128_access_audit.py::test_w128_create PASSED                 [ 22%]
tests/test_w128_access_audit.py::test_w128_list PASSED                   [ 22%]
tests/test_w128_access_audit.py::test_w128_get_by_id PASSED              [ 22%]
tests/test_w128_access_audit.py::test_w128_get_not_found PASSED          [ 22%]
tests/test_w128_access_audit.py::test_w128_revert_change PASSED          [ 22%]
tests/test_w128_access_audit.py::test_w128_revert_change_not_found PASSED [ 22%]
tests/test_w128_access_audit.py::test_w128_audit_event_emitted PASSED    [ 22%]
tests/test_w128_access_audit.py::test_w128_determinism PASSED            [ 22%]
tests/test_w128_access_audit.py::test_w128_break_it_empty_body PASSED    [ 22%]
tests/test_w128_access_audit.py::test_w128_integration_create_list_get PASSED [ 23%]
tests/test_w129_policy_proof.py::test_w129_service_starts_empty PASSED   [ 23%]
tests/test_w129_policy_proof.py::test_w129_create PASSED                 [ 23%]
tests/test_w129_policy_proof.py::test_w129_list PASSED                   [ 23%]
tests/test_w129_policy_proof.py::test_w129_get_by_id PASSED              [ 23%]
tests/test_w129_policy_proof.py::test_w129_get_not_found PASSED          [ 23%]
tests/test_w129_policy_proof.py::test_w129_verify_proof PASSED           [ 23%]
tests/test_w129_policy_proof.py::test_w129_verify_proof_not_found PASSED [ 23%]
tests/test_w129_policy_proof.py::test_w129_audit_event_emitted PASSED    [ 23%]
tests/test_w129_policy_proof.py::test_w129_determinism PASSED            [ 23%]
tests/test_w129_policy_proof.py::test_w129_break_it_empty_body PASSED    [ 23%]
tests/test_w129_policy_proof.py::test_w129_integration_create_list_get PASSED [ 23%]
tests/test_w12_auth.py::test_w12_service_starts_empty PASSED             [ 23%]
tests/test_w12_auth.py::test_w12_create PASSED                           [ 23%]
tests/test_w12_auth.py::test_w12_list PASSED                             [ 23%]
tests/test_w12_auth.py::test_w12_get_by_id PASSED                        [ 23%]
tests/test_w12_auth.py::test_w12_get_not_found PASSED                    [ 23%]
tests/test_w12_auth.py::test_w12_update PASSED                           [ 23%]
tests/test_w12_auth.py::test_w12_deactivate_user PASSED                  [ 23%]
tests/test_w12_auth.py::test_w12_deactivate_user_not_found PASSED        [ 23%]
tests/test_w12_auth.py::test_w12_audit_event_emitted PASSED              [ 23%]
tests/test_w12_auth.py::test_w12_determinism PASSED                      [ 23%]
tests/test_w12_auth.py::test_w12_break_it_empty_body PASSED              [ 23%]
tests/test_w130_policy_chaos.py::test_w130_service_starts_empty PASSED   [ 23%]
tests/test_w130_policy_chaos.py::test_w130_create PASSED                 [ 23%]
tests/test_w130_policy_chaos.py::test_w130_list PASSED                   [ 23%]
tests/test_w130_policy_chaos.py::test_w130_get_by_id PASSED              [ 23%]
tests/test_w130_policy_chaos.py::test_w130_get_not_found PASSED          [ 23%]
tests/test_w130_policy_chaos.py::test_w130_verify_chaos PASSED           [ 23%]
tests/test_w130_policy_chaos.py::test_w130_verify_chaos_not_found PASSED [ 23%]
tests/test_w130_policy_chaos.py::test_w130_audit_event_emitted PASSED    [ 23%]
tests/test_w130_policy_chaos.py::test_w130_determinism PASSED            [ 23%]
tests/test_w130_policy_chaos.py::test_w130_break_it_empty_body PASSED    [ 23%]
tests/test_w130_policy_chaos.py::test_w130_integration_create_list_get PASSED [ 23%]
tests/test_w131_chaos_matrix.py::test_w131_service_starts_empty PASSED   [ 23%]
tests/test_w131_chaos_matrix.py::test_w131_create PASSED                 [ 23%]
[...]
tests/test_w41_connector_framework_v2.py::test_w41_list PASSED           [ 93%]
tests/test_w41_connector_framework_v2.py::test_w41_get_by_id PASSED      [ 94%]
tests/test_w41_connector_framework_v2.py::test_w41_get_not_found PASSED  [ 94%]
tests/test_w41_connector_framework_v2.py::test_w41_configure PASSED      [ 94%]
tests/test_w41_connector_framework_v2.py::test_w41_sync_now PASSED       [ 94%]
tests/test_w41_connector_framework_v2.py::test_w41_test_connection PASSED [ 94%]
tests/test_w41_connector_framework_v2.py::test_w41_configure_not_found PASSED [ 94%]
tests/test_w41_connector_framework_v2.py::test_w41_audit_event_emitted PASSED [ 94%]
tests/test_w41_connector_framework_v2.py::test_w41_determinism PASSED    [ 94%]
tests/test_w41_connector_framework_v2.py::test_w41_break_it_empty_body PASSED [ 94%]
tests/test_w41_connector_framework_v2.py::test_w41_integration_create_list_get PASSED [ 94%]
tests/test_w42_qbo_connector.py::test_w42_service_starts_empty PASSED    [ 94%]
tests/test_w42_qbo_connector.py::test_w42_create PASSED                  [ 94%]
tests/test_w42_qbo_connector.py::test_w42_list PASSED                    [ 94%]
tests/test_w42_qbo_connector.py::test_w42_get_by_id PASSED               [ 94%]
tests/test_w42_qbo_connector.py::test_w42_get_not_found PASSED           [ 94%]
tests/test_w42_qbo_connector.py::test_w42_retry_sync PASSED              [ 94%]
tests/test_w42_qbo_connector.py::test_w42_cancel_sync PASSED             [ 94%]
tests/test_w42_qbo_connector.py::test_w42_retry_sync_not_found PASSED    [ 94%]
tests/test_w42_qbo_connector.py::test_w42_audit_event_emitted PASSED     [ 94%]
tests/test_w42_qbo_connector.py::test_w42_determinism PASSED             [ 94%]
tests/test_w42_qbo_connector.py::test_w42_break_it_empty_body PASSED     [ 94%]
tests/test_w42_qbo_connector.py::test_w42_integration_create_list_get PASSED [ 94%]
tests/test_w43_xero_connector.py::test_w43_service_starts_empty PASSED   [ 94%]
tests/test_w43_xero_connector.py::test_w43_create PASSED                 [ 94%]
tests/test_w43_xero_connector.py::test_w43_list PASSED                   [ 94%]
tests/test_w43_xero_connector.py::test_w43_get_by_id PASSED              [ 94%]
tests/test_w43_xero_connector.py::test_w43_get_not_found PASSED          [ 94%]
tests/test_w43_xero_connector.py::test_w43_retry_sync PASSED             [ 94%]
tests/test_w43_xero_connector.py::test_w43_cancel_sync PASSED            [ 94%]
tests/test_w43_xero_connector.py::test_w43_retry_sync_not_found PASSED   [ 94%]
tests/test_w43_xero_connector.py::test_w43_audit_event_emitted PASSED    [ 94%]
tests/test_w43_xero_connector.py::test_w43_determinism PASSED            [ 94%]
tests/test_w43_xero_connector.py::test_w43_break_it_empty_body PASSED    [ 94%]
tests/test_w43_xero_connector.py::test_w43_integration_create_list_get PASSED [ 94%]
tests/test_w44_plaid_connector.py::test_w44_service_starts_empty PASSED  [ 94%]
tests/test_w44_plaid_connector.py::test_w44_create PASSED                [ 94%]
tests/test_w44_plaid_connector.py::test_w44_list PASSED                  [ 94%]
tests/test_w44_plaid_connector.py::test_w44_get_by_id PASSED             [ 94%]
tests/test_w44_plaid_connector.py::test_w44_get_not_found PASSED         [ 94%]
tests/test_w44_plaid_connector.py::test_w44_sync_transactions PASSED     [ 94%]
tests/test_w44_plaid_connector.py::test_w44_dedupe PASSED                [ 95%]
tests/test_w44_plaid_connector.py::test_w44_enrich PASSED                [ 95%]
tests/test_w44_plaid_connector.py::test_w44_sync_transactions_not_found PASSED [ 95%]
tests/test_w44_plaid_connector.py::test_w44_audit_event_emitted PASSED   [ 95%]
tests/test_w44_plaid_connector.py::test_w44_determinism PASSED           [ 95%]
tests/test_w44_plaid_connector.py::test_w44_break_it_empty_body PASSED   [ 95%]
tests/test_w44_plaid_connector.py::test_w44_integration_create_list_get PASSED [ 95%]
tests/test_w45_mapping_studio.py::test_w45_service_starts_empty PASSED   [ 95%]
tests/test_w45_mapping_studio.py::test_w45_create PASSED                 [ 95%]
tests/test_w45_mapping_studio.py::test_w45_list PASSED                   [ 95%]
tests/test_w45_mapping_studio.py::test_w45_get_by_id PASSED              [ 95%]
tests/test_w45_mapping_studio.py::test_w45_get_not_found PASSED          [ 95%]
tests/test_w45_mapping_studio.py::test_w45_preview PASSED                [ 95%]
tests/test_w45_mapping_studio.py::test_w45_apply_rule PASSED             [ 95%]
tests/test_w45_mapping_studio.py::test_w45_rollback PASSED               [ 95%]
tests/test_w45_mapping_studio.py::test_w45_preview_not_found PASSED      [ 95%]
tests/test_w45_mapping_studio.py::test_w45_audit_event_emitted PASSED    [ 95%]
tests/test_w45_mapping_studio.py::test_w45_determinism PASSED            [ 95%]
tests/test_w45_mapping_studio.py::test_w45_break_it_empty_body PASSED    [ 95%]
tests/test_w45_mapping_studio.py::test_w45_integration_create_list_get PASSED [ 95%]
tests/test_w46_data_quality.py::test_w46_service_starts_empty PASSED     [ 95%]
tests/test_w46_data_quality.py::test_w46_create PASSED                   [ 95%]
tests/test_w46_data_quality.py::test_w46_list PASSED                     [ 95%]
tests/test_w46_data_quality.py::test_w46_get_by_id PASSED                [ 95%]
tests/test_w46_data_quality.py::test_w46_get_not_found PASSED            [ 95%]
tests/test_w46_data_quality.py::test_w46_approve_override PASSED         [ 95%]
tests/test_w46_data_quality.py::test_w46_approve_override_not_found PASSED [ 95%]
tests/test_w46_data_quality.py::test_w46_audit_event_emitted PASSED      [ 95%]
tests/test_w46_data_quality.py::test_w46_determinism PASSED              [ 95%]
tests/test_w46_data_quality.py::test_w46_break_it_empty_body PASSED      [ 95%]
tests/test_w46_data_quality.py::test_w46_integration_create_list_get PASSED [ 95%]
tests/test_w47_continuous_close_v2.py::test_w47_service_starts_empty PASSED [ 95%]
tests/test_w47_continuous_close_v2.py::test_w47_create PASSED            [ 95%]
tests/test_w47_continuous_close_v2.py::test_w47_list PASSED              [ 95%]
tests/test_w47_continuous_close_v2.py::test_w47_get_by_id PASSED         [ 95%]
tests/test_w47_continuous_close_v2.py::test_w47_get_not_found PASSED     [ 95%]
tests/test_w47_continuous_close_v2.py::test_w47_pause_job PASSED         [ 95%]
tests/test_w47_continuous_close_v2.py::test_w47_resume_job PASSED        [ 95%]
tests/test_w47_continuous_close_v2.py::test_w47_cancel_job PASSED        [ 95%]
tests/test_w47_continuous_close_v2.py::test_w47_pause_job_not_found PASSED [ 95%]
tests/test_w47_continuous_close_v2.py::test_w47_audit_event_emitted PASSED [ 95%]
tests/test_w47_continuous_close_v2.py::test_w47_determinism PASSED       [ 96%]
tests/test_w47_continuous_close_v2.py::test_w47_break_it_empty_body PASSED [ 96%]
tests/test_w47_continuous_close_v2.py::test_w47_integration_create_list_get PASSED [ 96%]
tests/test_w48_perf_suite.py::test_w48_service_starts_empty PASSED       [ 96%]
tests/test_w48_perf_suite.py::test_w48_create PASSED                     [ 96%]
tests/test_w48_perf_suite.py::test_w48_list PASSED                       [ 96%]
tests/test_w48_perf_suite.py::test_w48_get_by_id PASSED                  [ 96%]
tests/test_w48_perf_suite.py::test_w48_get_not_found PASSED              [ 96%]
tests/test_w48_perf_suite.py::test_w48_set_budget PASSED                 [ 96%]
tests/test_w48_perf_suite.py::test_w48_set_budget_not_found PASSED       [ 96%]
tests/test_w48_perf_suite.py::test_w48_audit_event_emitted PASSED        [ 96%]
tests/test_w48_perf_suite.py::test_w48_determinism PASSED                [ 96%]
tests/test_w48_perf_suite.py::test_w48_break_it_empty_body PASSED        [ 96%]
tests/test_w48_perf_suite.py::test_w48_integration_create_list_get PASSED [ 96%]
tests/test_w49_release_bundle_v2.py::test_w49_service_starts_empty PASSED [ 96%]
tests/test_w49_release_bundle_v2.py::test_w49_create PASSED              [ 96%]
tests/test_w49_release_bundle_v2.py::test_w49_list PASSED                [ 96%]
tests/test_w49_release_bundle_v2.py::test_w49_get_by_id PASSED           [ 96%]
tests/test_w49_release_bundle_v2.py::test_w49_get_not_found PASSED       [ 96%]
tests/test_w49_release_bundle_v2.py::test_w49_sign_release PASSED        [ 96%]
tests/test_w49_release_bundle_v2.py::test_w49_verify_release PASSED      [ 96%]
tests/test_w49_release_bundle_v2.py::test_w49_deploy PASSED              [ 96%]
tests/test_w49_release_bundle_v2.py::test_w49_sign_release_not_found PASSED [ 96%]
tests/test_w49_release_bundle_v2.py::test_w49_audit_event_emitted PASSED [ 96%]
tests/test_w49_release_bundle_v2.py::test_w49_determinism PASSED         [ 96%]
tests/test_w49_release_bundle_v2.py::test_w49_break_it_empty_body PASSED [ 96%]
tests/test_w49_release_bundle_v2.py::test_w49_integration_create_list_get PASSED [ 96%]
tests/test_w50_judge_demo_v2.py::test_w50_service_starts_empty PASSED    [ 96%]
tests/test_w50_judge_demo_v2.py::test_w50_create PASSED                  [ 96%]
tests/test_w50_judge_demo_v2.py::test_w50_list PASSED                    [ 96%]
tests/test_w50_judge_demo_v2.py::test_w50_get_by_id PASSED               [ 96%]
tests/test_w50_judge_demo_v2.py::test_w50_get_not_found PASSED           [ 96%]
tests/test_w50_judge_demo_v2.py::test_w50_advance_step PASSED            [ 96%]
tests/test_w50_judge_demo_v2.py::test_w50_verify_demo PASSED             [ 96%]
tests/test_w50_judge_demo_v2.py::test_w50_reset_demo PASSED              [ 96%]
tests/test_w50_judge_demo_v2.py::test_w50_advance_step_not_found PASSED  [ 96%]
tests/test_w50_judge_demo_v2.py::test_w50_audit_event_emitted PASSED     [ 96%]
tests/test_w50_judge_demo_v2.py::test_w50_determinism PASSED             [ 96%]
tests/test_w50_judge_demo_v2.py::test_w50_break_it_empty_body PASSED     [ 96%]
tests/test_w50_judge_demo_v2.py::test_w50_integration_create_list_get PASSED [ 96%]
tests/test_w51_budgeting.py::test_w51_service_starts_empty PASSED        [ 97%]
tests/test_w51_budgeting.py::test_w51_create PASSED                      [ 97%]
tests/test_w51_budgeting.py::test_w51_list PASSED                        [ 97%]
tests/test_w51_budgeting.py::test_w51_get_by_id PASSED                   [ 97%]
tests/test_w51_budgeting.py::test_w51_get_not_found PASSED               [ 97%]
tests/test_w51_budgeting.py::test_w51_submit_budget PASSED               [ 97%]
tests/test_w51_budgeting.py::test_w51_approve_budget PASSED              [ 97%]
tests/test_w51_budgeting.py::test_w51_lock_budget PASSED                 [ 97%]
tests/test_w51_budgeting.py::test_w51_submit_budget_not_found PASSED     [ 97%]
tests/test_w51_budgeting.py::test_w51_audit_event_emitted PASSED         [ 97%]
tests/test_w51_budgeting.py::test_w51_determinism PASSED                 [ 97%]
tests/test_w51_budgeting.py::test_w51_break_it_empty_body PASSED         [ 97%]
tests/test_w51_budgeting.py::test_w51_integration_create_list_get PASSED [ 97%]
tests/test_w52_forecasting.py::test_w52_service_starts_empty PASSED      [ 97%]
tests/test_w52_forecasting.py::test_w52_create PASSED                    [ 97%]
tests/test_w52_forecasting.py::test_w52_list PASSED                      [ 97%]
tests/test_w52_forecasting.py::test_w52_get_by_id PASSED                 [ 97%]
tests/test_w52_forecasting.py::test_w52_get_not_found PASSED             [ 97%]
tests/test_w52_forecasting.py::test_w52_evaluate PASSED                  [ 97%]
tests/test_w52_forecasting.py::test_w52_detect_drift PASSED              [ 97%]
tests/test_w52_forecasting.py::test_w52_register_model PASSED            [ 97%]
tests/test_w52_forecasting.py::test_w52_evaluate_not_found PASSED        [ 97%]
tests/test_w52_forecasting.py::test_w52_audit_event_emitted PASSED       [ 97%]
tests/test_w52_forecasting.py::test_w52_determinism PASSED               [ 97%]
tests/test_w52_forecasting.py::test_w52_break_it_empty_body PASSED       [ 97%]
tests/test_w52_forecasting.py::test_w52_integration_create_list_get PASSED [ 97%]
tests/test_w53_driver_planning.py::test_w53_service_starts_empty PASSED  [ 97%]
tests/test_w53_driver_planning.py::test_w53_create PASSED                [ 97%]
tests/test_w53_driver_planning.py::test_w53_list PASSED                  [ 97%]
tests/test_w53_driver_planning.py::test_w53_get_by_id PASSED             [ 97%]
tests/test_w53_driver_planning.py::test_w53_get_not_found PASSED         [ 97%]
tests/test_w53_driver_planning.py::test_w53_update_value PASSED          [ 97%]
tests/test_w53_driver_planning.py::test_w53_propagate PASSED             [ 97%]
tests/test_w53_driver_planning.py::test_w53_check_cycles PASSED          [ 97%]
tests/test_w53_driver_planning.py::test_w53_update_value_not_found PASSED [ 97%]
tests/test_w53_driver_planning.py::test_w53_audit_event_emitted PASSED   [ 97%]
tests/test_w53_driver_planning.py::test_w53_determinism PASSED           [ 97%]
tests/test_w53_driver_planning.py::test_w53_break_it_empty_body PASSED   [ 97%]
tests/test_w53_driver_planning.py::test_w53_integration_create_list_get PASSED [ 97%]
tests/test_w54_scenario_engine.py::test_w54_service_starts_empty PASSED  [ 97%]
tests/test_w54_scenario_engine.py::test_w54_create PASSED                [ 97%]
tests/test_w54_scenario_engine.py::test_w54_list PASSED                  [ 98%]
tests/test_w54_scenario_engine.py::test_w54_get_by_id PASSED             [ 98%]
tests/test_w54_scenario_engine.py::test_w54_get_not_found PASSED         [ 98%]
tests/test_w54_scenario_engine.py::test_w54_run_simulation PASSED        [ 98%]
tests/test_w54_scenario_engine.py::test_w54_run_simulation_not_found PASSED [ 98%]
tests/test_w54_scenario_engine.py::test_w54_audit_event_emitted PASSED   [ 98%]
tests/test_w54_scenario_engine.py::test_w54_determinism PASSED           [ 98%]
tests/test_w54_scenario_engine.py::test_w54_break_it_empty_body PASSED   [ 98%]
tests/test_w54_scenario_engine.py::test_w54_integration_create_list_get PASSED [ 98%]
tests/test_w55_treasury.py::test_w55_service_starts_empty PASSED         [ 98%]
tests/test_w55_treasury.py::test_w55_create PASSED                       [ 98%]
tests/test_w55_treasury.py::test_w55_list PASSED                         [ 98%]
tests/test_w55_treasury.py::test_w55_get_by_id PASSED                    [ 98%]
tests/test_w55_treasury.py::test_w55_get_not_found PASSED                [ 98%]
tests/test_w55_treasury.py::test_w55_project_interest PASSED             [ 98%]
tests/test_w55_treasury.py::test_w55_project_interest_not_found PASSED   [ 98%]
tests/test_w55_treasury.py::test_w55_audit_event_emitted PASSED          [ 98%]
tests/test_w55_treasury.py::test_w55_determinism PASSED                  [ 98%]
tests/test_w55_treasury.py::test_w55_break_it_empty_body PASSED          [ 98%]
tests/test_w55_treasury.py::test_w55_integration_create_list_get PASSED  [ 98%]
tests/test_w56_covenants.py::test_w56_service_starts_empty PASSED        [ 98%]
tests/test_w56_covenants.py::test_w56_create PASSED                      [ 98%]
tests/test_w56_covenants.py::test_w56_list PASSED                        [ 98%]
tests/test_w56_covenants.py::test_w56_get_by_id PASSED                   [ 98%]
tests/test_w56_covenants.py::test_w56_get_not_found PASSED               [ 98%]
tests/test_w56_covenants.py::test_w56_check_breach PASSED                [ 98%]
tests/test_w56_covenants.py::test_w56_link_evidence PASSED               [ 98%]
tests/test_w56_covenants.py::test_w56_check_breach_not_found PASSED      [ 98%]
tests/test_w56_covenants.py::test_w56_audit_event_emitted PASSED         [ 98%]
tests/test_w56_covenants.py::test_w56_determinism PASSED                 [ 98%]
tests/test_w56_covenants.py::test_w56_break_it_empty_body PASSED         [ 98%]
tests/test_w56_covenants.py::test_w56_integration_create_list_get PASSED [ 98%]
tests/test_w57_cost_allocation.py::test_w57_service_starts_empty PASSED  [ 98%]
tests/test_w57_cost_allocation.py::test_w57_create PASSED                [ 98%]
tests/test_w57_cost_allocation.py::test_w57_list PASSED                  [ 98%]
tests/test_w57_cost_allocation.py::test_w57_get_by_id PASSED             [ 98%]
tests/test_w57_cost_allocation.py::test_w57_get_not_found PASSED         [ 98%]
tests/test_w57_cost_allocation.py::test_w57_recalculate PASSED           [ 98%]
tests/test_w57_cost_allocation.py::test_w57_recalculate_not_found PASSED [ 98%]
tests/test_w57_cost_allocation.py::test_w57_audit_event_emitted PASSED   [ 98%]
tests/test_w57_cost_allocation.py::test_w57_determinism PASSED           [ 99%]
tests/test_w57_cost_allocation.py::test_w57_break_it_empty_body PASSED   [ 99%]
tests/test_w57_cost_allocation.py::test_w57_integration_create_list_get PASSED [ 99%]
tests/test_w58_kpi_framework.py::test_w58_service_starts_empty PASSED    [ 99%]
tests/test_w58_kpi_framework.py::test_w58_create PASSED                  [ 99%]
tests/test_w58_kpi_framework.py::test_w58_list PASSED                    [ 99%]
tests/test_w58_kpi_framework.py::test_w58_get_by_id PASSED               [ 99%]
tests/test_w58_kpi_framework.py::test_w58_get_not_found PASSED           [ 99%]
tests/test_w58_kpi_framework.py::test_w58_compute PASSED                 [ 99%]
tests/test_w58_kpi_framework.py::test_w58_link_evidence PASSED           [ 99%]
tests/test_w58_kpi_framework.py::test_w58_compute_not_found PASSED       [ 99%]
tests/test_w58_kpi_framework.py::test_w58_audit_event_emitted PASSED     [ 99%]
tests/test_w58_kpi_framework.py::test_w58_determinism PASSED             [ 99%]
tests/test_w58_kpi_framework.py::test_w58_break_it_empty_body PASSED     [ 99%]
tests/test_w58_kpi_framework.py::test_w58_integration_create_list_get PASSED [ 99%]
tests/test_w59_board_pack.py::test_w59_service_starts_empty PASSED       [ 99%]
tests/test_w59_board_pack.py::test_w59_create PASSED                     [ 99%]
tests/test_w59_board_pack.py::test_w59_list PASSED                       [ 99%]
tests/test_w59_board_pack.py::test_w59_get_by_id PASSED                  [ 99%]
tests/test_w59_board_pack.py::test_w59_get_not_found PASSED              [ 99%]
tests/test_w59_board_pack.py::test_w59_add_section PASSED                [ 99%]
tests/test_w59_board_pack.py::test_w59_generate PASSED                   [ 99%]
tests/test_w59_board_pack.py::test_w59_verify_pack PASSED                [ 99%]
tests/test_w59_board_pack.py::test_w59_add_section_not_found PASSED      [ 99%]
tests/test_w59_board_pack.py::test_w59_audit_event_emitted PASSED        [ 99%]
tests/test_w59_board_pack.py::test_w59_determinism PASSED                [ 99%]
tests/test_w59_board_pack.py::test_w59_break_it_empty_body PASSED        [ 99%]
tests/test_w59_board_pack.py::test_w59_integration_create_list_get PASSED [ 99%]
tests/test_w60_ops_bundle.py::test_w60_service_starts_empty PASSED       [ 99%]
tests/test_w60_ops_bundle.py::test_w60_create PASSED                     [ 99%]
tests/test_w60_ops_bundle.py::test_w60_list PASSED                       [ 99%]
tests/test_w60_ops_bundle.py::test_w60_get_by_id PASSED                  [ 99%]
tests/test_w60_ops_bundle.py::test_w60_get_not_found PASSED              [ 99%]
tests/test_w60_ops_bundle.py::test_w60_add_evidence PASSED               [ 99%]
tests/test_w60_ops_bundle.py::test_w60_compute_hash PASSED               [ 99%]
tests/test_w60_ops_bundle.py::test_w60_verify_bundle PASSED              [ 99%]
tests/test_w60_ops_bundle.py::test_w60_add_evidence_not_found PASSED     [ 99%]
tests/test_w60_ops_bundle.py::test_w60_audit_event_emitted PASSED        [ 99%]
tests/test_w60_ops_bundle.py::test_w60_determinism PASSED                [ 99%]
tests/test_w60_ops_bundle.py::test_w60_break_it_empty_body PASSED        [ 99%]
tests/test_w60_ops_bundle.py::test_w60_integration_create_list_get PASSED [100%]

============================ 4042 passed in 14.82s ============================
