============================= test session starts =============================
platform win32 -- Python 3.14.3, pytest-9.0.2, pluggy-1.6.0 -- C:\Aarav\ledgerlive\apps\api\.venv\Scripts\python.exe
cachedir: .pytest_cache
rootdir: C:\Aarav\ledgerlive\apps\api
configfile: pyproject.toml
plugins: anyio-4.12.1, asyncio-1.3.0
asyncio: mode=Mode.AUTO, debug=False, asyncio_default_fixture_loop_scope=None, asyncio_default_test_loop_scope=function
collecting ... collected 676 items

tests/test_health.py::test_healthz_returns_ok PASSED                     [  0%]
tests/test_health.py::test_healthz_contains_mode PASSED                  [  0%]
tests/test_health.py::test_audit_log_empty_initially PASSED              [  0%]
tests/test_health.py::test_project_id_file PASSED                        [  0%]
tests/test_w01_close_period.py::test_w01_service_starts_empty PASSED     [  0%]
tests/test_w01_close_period.py::test_w01_create PASSED                   [  0%]
tests/test_w01_close_period.py::test_w01_list PASSED                     [  1%]
tests/test_w01_close_period.py::test_w01_get_by_id PASSED                [  1%]
tests/test_w01_close_period.py::test_w01_get_not_found PASSED            [  1%]
tests/test_w01_close_period.py::test_w01_close_period PASSED             [  1%]
tests/test_w01_close_period.py::test_w01_lock_period PASSED              [  1%]
tests/test_w01_close_period.py::test_w01_close_period_not_found PASSED   [  1%]
tests/test_w01_close_period.py::test_w01_audit_event_emitted PASSED      [  1%]
tests/test_w01_close_period.py::test_w01_determinism PASSED              [  2%]
tests/test_w01_close_period.py::test_w01_break_it_empty_body PASSED      [  2%]
tests/test_w02_entity.py::test_w02_service_starts_empty PASSED           [  2%]
tests/test_w02_entity.py::test_w02_create PASSED                         [  2%]
tests/test_w02_entity.py::test_w02_list PASSED                           [  2%]
tests/test_w02_entity.py::test_w02_get_by_id PASSED                      [  2%]
tests/test_w02_entity.py::test_w02_get_not_found PASSED                  [  2%]
tests/test_w02_entity.py::test_w02_update PASSED                         [  3%]
tests/test_w02_entity.py::test_w02_deactivate PASSED                     [  3%]
tests/test_w02_entity.py::test_w02_deactivate_not_found PASSED           [  3%]
tests/test_w02_entity.py::test_w02_audit_event_emitted PASSED            [  3%]
tests/test_w02_entity.py::test_w02_determinism PASSED                    [  3%]
tests/test_w02_entity.py::test_w02_break_it_empty_body PASSED            [  3%]
tests/test_w03_document_store.py::test_w03_service_starts_empty PASSED   [  3%]
tests/test_w03_document_store.py::test_w03_create PASSED                 [  4%]
tests/test_w03_document_store.py::test_w03_list PASSED                   [  4%]
tests/test_w03_document_store.py::test_w03_get_by_id PASSED              [  4%]
tests/test_w03_document_store.py::test_w03_get_not_found PASSED          [  4%]
tests/test_w03_document_store.py::test_w03_delete PASSED                 [  4%]
tests/test_w03_document_store.py::test_w03_audit_event_emitted PASSED    [  4%]
tests/test_w03_document_store.py::test_w03_determinism PASSED            [  5%]
tests/test_w03_document_store.py::test_w03_break_it_empty_body PASSED    [  5%]
tests/test_w04_ocr_pipeline.py::test_w04_service_starts_empty PASSED     [  5%]
tests/test_w04_ocr_pipeline.py::test_w04_create PASSED                   [  5%]
tests/test_w04_ocr_pipeline.py::test_w04_list PASSED                     [  5%]
tests/test_w04_ocr_pipeline.py::test_w04_get_by_id PASSED                [  5%]
tests/test_w04_ocr_pipeline.py::test_w04_get_not_found PASSED            [  5%]
tests/test_w04_ocr_pipeline.py::test_w04_retry PASSED                    [  6%]
tests/test_w04_ocr_pipeline.py::test_w04_retry_not_found PASSED          [  6%]
tests/test_w04_ocr_pipeline.py::test_w04_audit_event_emitted PASSED      [  6%]
tests/test_w04_ocr_pipeline.py::test_w04_determinism PASSED              [  6%]
tests/test_w04_ocr_pipeline.py::test_w04_break_it_empty_body PASSED      [  6%]
tests/test_w05_extraction.py::test_w05_service_starts_empty PASSED       [  6%]
tests/test_w05_extraction.py::test_w05_create PASSED                     [  6%]
tests/test_w05_extraction.py::test_w05_list PASSED                       [  7%]
tests/test_w05_extraction.py::test_w05_get_by_id PASSED                  [  7%]
tests/test_w05_extraction.py::test_w05_get_not_found PASSED              [  7%]
tests/test_w05_extraction.py::test_w05_update PASSED                     [  7%]
tests/test_w05_extraction.py::test_w05_validate PASSED                   [  7%]
tests/test_w05_extraction.py::test_w05_validate_not_found PASSED         [  7%]
tests/test_w05_extraction.py::test_w05_audit_event_emitted PASSED        [  7%]
tests/test_w05_extraction.py::test_w05_determinism PASSED                [  8%]
tests/test_w05_extraction.py::test_w05_break_it_empty_body PASSED        [  8%]
tests/test_w06_reconciliation.py::test_w06_service_starts_empty PASSED   [  8%]
tests/test_w06_reconciliation.py::test_w06_create PASSED                 [  8%]
tests/test_w06_reconciliation.py::test_w06_list PASSED                   [  8%]
tests/test_w06_reconciliation.py::test_w06_get_by_id PASSED              [  8%]
tests/test_w06_reconciliation.py::test_w06_get_not_found PASSED          [  9%]
tests/test_w06_reconciliation.py::test_w06_approve PASSED                [  9%]
tests/test_w06_reconciliation.py::test_w06_reject PASSED                 [  9%]
tests/test_w06_reconciliation.py::test_w06_approve_not_found PASSED      [  9%]
tests/test_w06_reconciliation.py::test_w06_audit_event_emitted PASSED    [  9%]
tests/test_w06_reconciliation.py::test_w06_determinism PASSED            [  9%]
tests/test_w06_reconciliation.py::test_w06_break_it_empty_body PASSED    [  9%]
tests/test_w07_exception.py::test_w07_service_starts_empty PASSED        [ 10%]
tests/test_w07_exception.py::test_w07_create PASSED                      [ 10%]
tests/test_w07_exception.py::test_w07_list PASSED                        [ 10%]
tests/test_w07_exception.py::test_w07_get_by_id PASSED                   [ 10%]
tests/test_w07_exception.py::test_w07_get_not_found PASSED               [ 10%]
tests/test_w07_exception.py::test_w07_assign PASSED                      [ 10%]
tests/test_w07_exception.py::test_w07_resolve PASSED                     [ 10%]
tests/test_w07_exception.py::test_w07_assign_not_found PASSED            [ 11%]
tests/test_w07_exception.py::test_w07_audit_event_emitted PASSED         [ 11%]
tests/test_w07_exception.py::test_w07_determinism PASSED                 [ 11%]
tests/test_w07_exception.py::test_w07_break_it_empty_body PASSED         [ 11%]
tests/test_w08_review_queue.py::test_w08_service_starts_empty PASSED     [ 11%]
tests/test_w08_review_queue.py::test_w08_create PASSED                   [ 11%]
tests/test_w08_review_queue.py::test_w08_list PASSED                     [ 11%]
tests/test_w08_review_queue.py::test_w08_get_by_id PASSED                [ 12%]
tests/test_w08_review_queue.py::test_w08_get_not_found PASSED            [ 12%]
tests/test_w08_review_queue.py::test_w08_decide PASSED                   [ 12%]
tests/test_w08_review_queue.py::test_w08_decide_not_found PASSED         [ 12%]
tests/test_w08_review_queue.py::test_w08_audit_event_emitted PASSED      [ 12%]
tests/test_w08_review_queue.py::test_w08_determinism PASSED              [ 12%]
tests/test_w08_review_queue.py::test_w08_break_it_empty_body PASSED      [ 13%]
tests/test_w09_evidence_binder.py::test_w09_service_starts_empty PASSED  [ 13%]
tests/test_w09_evidence_binder.py::test_w09_create PASSED                [ 13%]
tests/test_w09_evidence_binder.py::test_w09_list PASSED                  [ 13%]
tests/test_w09_evidence_binder.py::test_w09_get_by_id PASSED             [ 13%]
tests/test_w09_evidence_binder.py::test_w09_get_not_found PASSED         [ 13%]
tests/test_w09_evidence_binder.py::test_w09_add_section PASSED           [ 13%]
tests/test_w09_evidence_binder.py::test_w09_finalize PASSED              [ 14%]
tests/test_w09_evidence_binder.py::test_w09_add_section_not_found PASSED [ 14%]
tests/test_w09_evidence_binder.py::test_w09_audit_event_emitted PASSED   [ 14%]
tests/test_w09_evidence_binder.py::test_w09_determinism PASSED           [ 14%]
tests/test_w09_evidence_binder.py::test_w09_break_it_empty_body PASSED   [ 14%]
tests/test_w10_eval_harness.py::test_w10_service_starts_empty PASSED     [ 14%]
tests/test_w10_eval_harness.py::test_w10_create PASSED                   [ 14%]
tests/test_w10_eval_harness.py::test_w10_list PASSED                     [ 15%]
tests/test_w10_eval_harness.py::test_w10_get_by_id PASSED                [ 15%]
tests/test_w10_eval_harness.py::test_w10_get_not_found PASSED            [ 15%]
tests/test_w10_eval_harness.py::test_w10_audit_event_emitted PASSED      [ 15%]
tests/test_w10_eval_harness.py::test_w10_determinism PASSED              [ 15%]
tests/test_w10_eval_harness.py::test_w10_break_it_empty_body PASSED      [ 15%]
tests/test_w11_tenant.py::test_w11_service_starts_empty PASSED           [ 15%]
tests/test_w11_tenant.py::test_w11_create PASSED                         [ 16%]
tests/test_w11_tenant.py::test_w11_list PASSED                           [ 16%]
tests/test_w11_tenant.py::test_w11_get_by_id PASSED                      [ 16%]
tests/test_w11_tenant.py::test_w11_get_not_found PASSED                  [ 16%]
tests/test_w11_tenant.py::test_w11_update PASSED                         [ 16%]
tests/test_w11_tenant.py::test_w11_suspend PASSED                        [ 16%]
tests/test_w11_tenant.py::test_w11_suspend_not_found PASSED              [ 17%]
tests/test_w11_tenant.py::test_w11_audit_event_emitted PASSED            [ 17%]
tests/test_w11_tenant.py::test_w11_determinism PASSED                    [ 17%]
tests/test_w11_tenant.py::test_w11_break_it_empty_body PASSED            [ 17%]
tests/test_w12_auth.py::test_w12_service_starts_empty PASSED             [ 17%]
tests/test_w12_auth.py::test_w12_create PASSED                           [ 17%]
tests/test_w12_auth.py::test_w12_list PASSED                             [ 17%]
tests/test_w12_auth.py::test_w12_get_by_id PASSED                        [ 18%]
tests/test_w12_auth.py::test_w12_get_not_found PASSED                    [ 18%]
tests/test_w12_auth.py::test_w12_update PASSED                           [ 18%]
tests/test_w12_auth.py::test_w12_deactivate_user PASSED                  [ 18%]
tests/test_w12_auth.py::test_w12_deactivate_user_not_found PASSED        [ 18%]
tests/test_w12_auth.py::test_w12_audit_event_emitted PASSED              [ 18%]
tests/test_w12_auth.py::test_w12_determinism PASSED                      [ 18%]
tests/test_w12_auth.py::test_w12_break_it_empty_body PASSED              [ 19%]
tests/test_w13_workflow.py::test_w13_service_starts_empty PASSED         [ 19%]
tests/test_w13_workflow.py::test_w13_create PASSED                       [ 19%]
tests/test_w13_workflow.py::test_w13_list PASSED                         [ 19%]
tests/test_w13_workflow.py::test_w13_get_by_id PASSED                    [ 19%]
tests/test_w13_workflow.py::test_w13_get_not_found PASSED                [ 19%]
tests/test_w13_workflow.py::test_w13_advance PASSED                      [ 19%]
tests/test_w13_workflow.py::test_w13_abort PASSED                        [ 20%]
tests/test_w13_workflow.py::test_w13_advance_not_found PASSED            [ 20%]
tests/test_w13_workflow.py::test_w13_audit_event_emitted PASSED          [ 20%]
tests/test_w13_workflow.py::test_w13_determinism PASSED                  [ 20%]
tests/test_w13_workflow.py::test_w13_break_it_empty_body PASSED          [ 20%]
tests/test_w14_notification.py::test_w14_service_starts_empty PASSED     [ 20%]
tests/test_w14_notification.py::test_w14_create PASSED                   [ 21%]
tests/test_w14_notification.py::test_w14_list PASSED                     [ 21%]
tests/test_w14_notification.py::test_w14_get_by_id PASSED                [ 21%]
tests/test_w14_notification.py::test_w14_get_not_found PASSED            [ 21%]
tests/test_w14_notification.py::test_w14_mark_read PASSED                [ 21%]
tests/test_w14_notification.py::test_w14_mark_read_not_found PASSED      [ 21%]
tests/test_w14_notification.py::test_w14_audit_event_emitted PASSED      [ 21%]
tests/test_w14_notification.py::test_w14_determinism PASSED              [ 22%]
tests/test_w14_notification.py::test_w14_break_it_empty_body PASSED      [ 22%]
tests/test_w15_connector.py::test_w15_service_starts_empty PASSED        [ 22%]
tests/test_w15_connector.py::test_w15_create PASSED                      [ 22%]
tests/test_w15_connector.py::test_w15_list PASSED                        [ 22%]
tests/test_w15_connector.py::test_w15_get_by_id PASSED                   [ 22%]
tests/test_w15_connector.py::test_w15_get_not_found PASSED               [ 22%]
tests/test_w15_connector.py::test_w15_sync PASSED                        [ 23%]
tests/test_w15_connector.py::test_w15_test_conn PASSED                   [ 23%]
tests/test_w15_connector.py::test_w15_sync_not_found PASSED              [ 23%]
tests/test_w15_connector.py::test_w15_audit_event_emitted PASSED         [ 23%]
tests/test_w15_connector.py::test_w15_determinism PASSED                 [ 23%]
tests/test_w15_connector.py::test_w15_break_it_empty_body PASSED         [ 23%]
tests/test_w16_vendor_master.py::test_w16_service_starts_empty PASSED    [ 23%]
tests/test_w16_vendor_master.py::test_w16_create PASSED                  [ 24%]
tests/test_w16_vendor_master.py::test_w16_list PASSED                    [ 24%]
tests/test_w16_vendor_master.py::test_w16_get_by_id PASSED               [ 24%]
tests/test_w16_vendor_master.py::test_w16_get_not_found PASSED           [ 24%]
tests/test_w16_vendor_master.py::test_w16_update PASSED                  [ 24%]
tests/test_w16_vendor_master.py::test_w16_audit_event_emitted PASSED     [ 24%]
tests/test_w16_vendor_master.py::test_w16_determinism PASSED             [ 25%]
tests/test_w16_vendor_master.py::test_w16_break_it_empty_body PASSED     [ 25%]
tests/test_w17_chart_of_accounts.py::test_w17_service_starts_empty PASSED [ 25%]
tests/test_w17_chart_of_accounts.py::test_w17_create PASSED              [ 25%]
tests/test_w17_chart_of_accounts.py::test_w17_list PASSED                [ 25%]
tests/test_w17_chart_of_accounts.py::test_w17_get_by_id PASSED           [ 25%]
tests/test_w17_chart_of_accounts.py::test_w17_get_not_found PASSED       [ 25%]
tests/test_w17_chart_of_accounts.py::test_w17_audit_event_emitted PASSED [ 26%]
tests/test_w17_chart_of_accounts.py::test_w17_determinism PASSED         [ 26%]
tests/test_w17_chart_of_accounts.py::test_w17_break_it_empty_body PASSED [ 26%]
tests/test_w18_continuous_close.py::test_w18_service_starts_empty PASSED [ 26%]
tests/test_w18_continuous_close.py::test_w18_create PASSED               [ 26%]
tests/test_w18_continuous_close.py::test_w18_list PASSED                 [ 26%]
tests/test_w18_continuous_close.py::test_w18_get_by_id PASSED            [ 26%]
tests/test_w18_continuous_close.py::test_w18_get_not_found PASSED        [ 27%]
tests/test_w18_continuous_close.py::test_w18_complete_task PASSED        [ 27%]
tests/test_w18_continuous_close.py::test_w18_complete_task_not_found PASSED [ 27%]
tests/test_w18_continuous_close.py::test_w18_audit_event_emitted PASSED  [ 27%]
tests/test_w18_continuous_close.py::test_w18_determinism PASSED          [ 27%]
tests/test_w18_continuous_close.py::test_w18_break_it_empty_body PASSED  [ 27%]
tests/test_w19_audit_integrity.py::test_w19_service_starts_empty PASSED  [ 27%]
tests/test_w19_audit_integrity.py::test_w19_create PASSED                [ 28%]
tests/test_w19_audit_integrity.py::test_w19_list PASSED                  [ 28%]
tests/test_w19_audit_integrity.py::test_w19_get_by_id PASSED             [ 28%]
tests/test_w19_audit_integrity.py::test_w19_get_not_found PASSED         [ 28%]
tests/test_w19_audit_integrity.py::test_w19_audit_event_emitted PASSED   [ 28%]
tests/test_w19_audit_integrity.py::test_w19_determinism PASSED           [ 28%]
tests/test_w19_audit_integrity.py::test_w19_break_it_empty_body PASSED   [ 28%]
tests/test_w20_signed_export.py::test_w20_service_starts_empty PASSED    [ 29%]
tests/test_w20_signed_export.py::test_w20_create PASSED                  [ 29%]
tests/test_w20_signed_export.py::test_w20_list PASSED                    [ 29%]
tests/test_w20_signed_export.py::test_w20_get_by_id PASSED               [ 29%]
tests/test_w20_signed_export.py::test_w20_get_not_found PASSED           [ 29%]
tests/test_w20_signed_export.py::test_w20_verify_sig PASSED              [ 29%]
tests/test_w20_signed_export.py::test_w20_verify_sig_not_found PASSED    [ 30%]
tests/test_w20_signed_export.py::test_w20_audit_event_emitted PASSED     [ 30%]
tests/test_w20_signed_export.py::test_w20_determinism PASSED             [ 30%]
tests/test_w20_signed_export.py::test_w20_break_it_empty_body PASSED     [ 30%]
tests/test_w21_report.py::test_w21_service_starts_empty PASSED           [ 30%]
tests/test_w21_report.py::test_w21_create PASSED                         [ 30%]
tests/test_w21_report.py::test_w21_list PASSED                           [ 30%]
tests/test_w21_report.py::test_w21_get_by_id PASSED                      [ 31%]
tests/test_w21_report.py::test_w21_get_not_found PASSED                  [ 31%]
tests/test_w21_report.py::test_w21_audit_event_emitted PASSED            [ 31%]
tests/test_w21_report.py::test_w21_determinism PASSED                    [ 31%]
tests/test_w21_report.py::test_w21_break_it_empty_body PASSED            [ 31%]
tests/test_w22_search_index.py::test_w22_service_starts_empty PASSED     [ 31%]
tests/test_w22_search_index.py::test_w22_create PASSED                   [ 31%]
tests/test_w22_search_index.py::test_w22_list PASSED                     [ 32%]
tests/test_w22_search_index.py::test_w22_audit_event_emitted PASSED      [ 32%]
tests/test_w22_search_index.py::test_w22_determinism PASSED              [ 32%]
tests/test_w22_search_index.py::test_w22_break_it_empty_body PASSED      [ 32%]
tests/test_w23_compliance_bundle.py::test_w23_service_starts_empty PASSED [ 32%]
tests/test_w23_compliance_bundle.py::test_w23_create PASSED              [ 32%]
tests/test_w23_compliance_bundle.py::test_w23_list PASSED                [ 32%]
tests/test_w23_compliance_bundle.py::test_w23_get_by_id PASSED           [ 33%]
tests/test_w23_compliance_bundle.py::test_w23_get_not_found PASSED       [ 33%]
tests/test_w23_compliance_bundle.py::test_w23_add_item PASSED            [ 33%]
tests/test_w23_compliance_bundle.py::test_w23_submit PASSED              [ 33%]
tests/test_w23_compliance_bundle.py::test_w23_add_item_not_found PASSED  [ 33%]
tests/test_w23_compliance_bundle.py::test_w23_audit_event_emitted PASSED [ 33%]
tests/test_w23_compliance_bundle.py::test_w23_determinism PASSED         [ 34%]
tests/test_w23_compliance_bundle.py::test_w23_break_it_empty_body PASSED [ 34%]
tests/test_w24_retention.py::test_w24_service_starts_empty PASSED        [ 34%]
tests/test_w24_retention.py::test_w24_create PASSED                      [ 34%]
tests/test_w24_retention.py::test_w24_list PASSED                        [ 34%]
tests/test_w24_retention.py::test_w24_get_by_id PASSED                   [ 34%]
tests/test_w24_retention.py::test_w24_get_not_found PASSED               [ 34%]
tests/test_w24_retention.py::test_w24_run_policy PASSED                  [ 35%]
tests/test_w24_retention.py::test_w24_preview PASSED                     [ 35%]
tests/test_w24_retention.py::test_w24_run_policy_not_found PASSED        [ 35%]
tests/test_w24_retention.py::test_w24_audit_event_emitted PASSED         [ 35%]
tests/test_w24_retention.py::test_w24_determinism PASSED                 [ 35%]
tests/test_w24_retention.py::test_w24_break_it_empty_body PASSED         [ 35%]
tests/test_w25_data_privacy.py::test_w25_service_starts_empty PASSED     [ 35%]
tests/test_w25_data_privacy.py::test_w25_create PASSED                   [ 36%]
tests/test_w25_data_privacy.py::test_w25_list PASSED                     [ 36%]
tests/test_w25_data_privacy.py::test_w25_get_by_id PASSED                [ 36%]
tests/test_w25_data_privacy.py::test_w25_get_not_found PASSED            [ 36%]
tests/test_w25_data_privacy.py::test_w25_process PASSED                  [ 36%]
tests/test_w25_data_privacy.py::test_w25_process_not_found PASSED        [ 36%]
tests/test_w25_data_privacy.py::test_w25_audit_event_emitted PASSED      [ 36%]
tests/test_w25_data_privacy.py::test_w25_determinism PASSED              [ 37%]
tests/test_w25_data_privacy.py::test_w25_break_it_empty_body PASSED      [ 37%]
tests/test_w26_performance.py::test_w26_service_starts_empty PASSED      [ 37%]
tests/test_w26_performance.py::test_w26_create PASSED                    [ 37%]
tests/test_w26_performance.py::test_w26_list PASSED                      [ 37%]
tests/test_w26_performance.py::test_w26_get_by_id PASSED                 [ 37%]
tests/test_w26_performance.py::test_w26_get_not_found PASSED             [ 38%]
tests/test_w26_performance.py::test_w26_chaos_flag PASSED                [ 38%]
tests/test_w26_performance.py::test_w26_clear_metrics PASSED             [ 38%]
tests/test_w26_performance.py::test_w26_chaos_flag_not_found PASSED      [ 38%]
tests/test_w26_performance.py::test_w26_audit_event_emitted PASSED       [ 38%]
tests/test_w26_performance.py::test_w26_determinism PASSED               [ 38%]
tests/test_w26_performance.py::test_w26_break_it_empty_body PASSED       [ 38%]
tests/test_w27_release_bundle.py::test_w27_service_starts_empty PASSED   [ 39%]
tests/test_w27_release_bundle.py::test_w27_create PASSED                 [ 39%]
tests/test_w27_release_bundle.py::test_w27_list PASSED                   [ 39%]
tests/test_w27_release_bundle.py::test_w27_get_by_id PASSED              [ 39%]
tests/test_w27_release_bundle.py::test_w27_get_not_found PASSED          [ 39%]
tests/test_w27_release_bundle.py::test_w27_deploy PASSED                 [ 39%]
tests/test_w27_release_bundle.py::test_w27_rollback PASSED               [ 39%]
tests/test_w27_release_bundle.py::test_w27_deploy_not_found PASSED       [ 40%]
tests/test_w27_release_bundle.py::test_w27_audit_event_emitted PASSED    [ 40%]
tests/test_w27_release_bundle.py::test_w27_determinism PASSED            [ 40%]
tests/test_w27_release_bundle.py::test_w27_break_it_empty_body PASSED    [ 40%]
tests/test_w28_judge_demo.py::test_w28_service_starts_empty PASSED       [ 40%]
tests/test_w28_judge_demo.py::test_w28_create PASSED                     [ 40%]
tests/test_w28_judge_demo.py::test_w28_list PASSED                       [ 40%]
tests/test_w28_judge_demo.py::test_w28_get_by_id PASSED                  [ 41%]
tests/test_w28_judge_demo.py::test_w28_get_not_found PASSED              [ 41%]
tests/test_w28_judge_demo.py::test_w28_audit_event_emitted PASSED        [ 41%]
tests/test_w28_judge_demo.py::test_w28_determinism PASSED                [ 41%]
tests/test_w28_judge_demo.py::test_w28_break_it_empty_body PASSED        [ 41%]
tests/test_w29_deploy_config.py::test_w29_service_starts_empty PASSED    [ 41%]
tests/test_w29_deploy_config.py::test_w29_create PASSED                  [ 42%]
tests/test_w29_deploy_config.py::test_w29_list PASSED                    [ 42%]
tests/test_w29_deploy_config.py::test_w29_get_by_id PASSED               [ 42%]
tests/test_w29_deploy_config.py::test_w29_get_not_found PASSED           [ 42%]
tests/test_w29_deploy_config.py::test_w29_activate PASSED                [ 42%]
tests/test_w29_deploy_config.py::test_w29_validate_config PASSED         [ 42%]
tests/test_w29_deploy_config.py::test_w29_activate_not_found PASSED      [ 42%]
tests/test_w29_deploy_config.py::test_w29_audit_event_emitted PASSED     [ 43%]
tests/test_w29_deploy_config.py::test_w29_determinism PASSED             [ 43%]
tests/test_w29_deploy_config.py::test_w29_break_it_empty_body PASSED     [ 43%]
tests/test_w30_hardening.py::test_w30_service_starts_empty PASSED        [ 43%]
tests/test_w30_hardening.py::test_w30_create PASSED                      [ 43%]
tests/test_w30_hardening.py::test_w30_list PASSED                        [ 43%]
tests/test_w30_hardening.py::test_w30_get_by_id PASSED                   [ 43%]
tests/test_w30_hardening.py::test_w30_get_not_found PASSED               [ 44%]
tests/test_w30_hardening.py::test_w30_toggle PASSED                      [ 44%]
tests/test_w30_hardening.py::test_w30_toggle_not_found PASSED            [ 44%]
tests/test_w30_hardening.py::test_w30_audit_event_emitted PASSED         [ 44%]
tests/test_w30_hardening.py::test_w30_determinism PASSED                 [ 44%]
tests/test_w30_hardening.py::test_w30_break_it_empty_body PASSED         [ 44%]
tests/test_w31_close_calendar.py::test_w31_service_starts_empty PASSED   [ 44%]
tests/test_w31_close_calendar.py::test_w31_create PASSED                 [ 45%]
tests/test_w31_close_calendar.py::test_w31_list PASSED                   [ 45%]
tests/test_w31_close_calendar.py::test_w31_get_by_id PASSED              [ 45%]
tests/test_w31_close_calendar.py::test_w31_get_not_found PASSED          [ 45%]
tests/test_w31_close_calendar.py::test_w31_start_task PASSED             [ 45%]
tests/test_w31_close_calendar.py::test_w31_complete_task PASSED          [ 45%]
tests/test_w31_close_calendar.py::test_w31_escalate PASSED               [ 46%]
tests/test_w31_close_calendar.py::test_w31_start_task_not_found PASSED   [ 46%]
tests/test_w31_close_calendar.py::test_w31_audit_event_emitted PASSED    [ 46%]
tests/test_w31_close_calendar.py::test_w31_determinism PASSED            [ 46%]
tests/test_w31_close_calendar.py::test_w31_break_it_empty_body PASSED    [ 46%]
tests/test_w31_close_calendar.py::test_w31_integration_create_list_get PASSED [ 46%]
tests/test_w32_consolidation.py::test_w32_service_starts_empty PASSED    [ 46%]
tests/test_w32_consolidation.py::test_w32_create PASSED                  [ 47%]
tests/test_w32_consolidation.py::test_w32_list PASSED                    [ 47%]
tests/test_w32_consolidation.py::test_w32_get_by_id PASSED               [ 47%]
tests/test_w32_consolidation.py::test_w32_get_not_found PASSED           [ 47%]
tests/test_w32_consolidation.py::test_w32_add_adjustment PASSED          [ 47%]
tests/test_w32_consolidation.py::test_w32_add_elimination PASSED         [ 47%]
tests/test_w32_consolidation.py::test_w32_finalize PASSED                [ 47%]
tests/test_w32_consolidation.py::test_w32_add_adjustment_not_found PASSED [ 48%]
tests/test_w32_consolidation.py::test_w32_audit_event_emitted PASSED     [ 48%]
tests/test_w32_consolidation.py::test_w32_determinism PASSED             [ 48%]
tests/test_w32_consolidation.py::test_w32_break_it_empty_body PASSED     [ 48%]
tests/test_w32_consolidation.py::test_w32_integration_create_list_get PASSED [ 48%]
tests/test_w33_je_posting.py::test_w33_service_starts_empty PASSED       [ 48%]
tests/test_w33_je_posting.py::test_w33_create PASSED                     [ 48%]
tests/test_w33_je_posting.py::test_w33_list PASSED                       [ 49%]
tests/test_w33_je_posting.py::test_w33_get_by_id PASSED                  [ 49%]
tests/test_w33_je_posting.py::test_w33_get_not_found PASSED              [ 49%]
tests/test_w33_je_posting.py::test_w33_approve PASSED                    [ 49%]
tests/test_w33_je_posting.py::test_w33_post PASSED                       [ 49%]
tests/test_w33_je_posting.py::test_w33_reverse PASSED                    [ 49%]
tests/test_w33_je_posting.py::test_w33_approve_not_found PASSED          [ 50%]
tests/test_w33_je_posting.py::test_w33_audit_event_emitted PASSED        [ 50%]
tests/test_w33_je_posting.py::test_w33_determinism PASSED                [ 50%]
tests/test_w33_je_posting.py::test_w33_break_it_empty_body PASSED        [ 50%]
tests/test_w33_je_posting.py::test_w33_integration_create_list_get PASSED [ 50%]
tests/test_w34_three_way_match.py::test_w34_service_starts_empty PASSED  [ 50%]
tests/test_w34_three_way_match.py::test_w34_create PASSED                [ 50%]
tests/test_w34_three_way_match.py::test_w34_list PASSED                  [ 51%]
tests/test_w34_three_way_match.py::test_w34_get_by_id PASSED             [ 51%]
tests/test_w34_three_way_match.py::test_w34_get_not_found PASSED         [ 51%]
tests/test_w34_three_way_match.py::test_w34_approve_variance PASSED      [ 51%]
tests/test_w34_three_way_match.py::test_w34_reject_match PASSED          [ 51%]
tests/test_w34_three_way_match.py::test_w34_recalculate PASSED           [ 51%]
tests/test_w34_three_way_match.py::test_w34_approve_variance_not_found PASSED [ 51%]
tests/test_w34_three_way_match.py::test_w34_audit_event_emitted PASSED   [ 52%]
tests/test_w34_three_way_match.py::test_w34_determinism PASSED           [ 52%]
tests/test_w34_three_way_match.py::test_w34_break_it_empty_body PASSED   [ 52%]
tests/test_w34_three_way_match.py::test_w34_integration_create_list_get PASSED [ 52%]
tests/test_w35_cash_application.py::test_w35_service_starts_empty PASSED [ 52%]
tests/test_w35_cash_application.py::test_w35_create PASSED               [ 52%]
tests/test_w35_cash_application.py::test_w35_list PASSED                 [ 52%]
tests/test_w35_cash_application.py::test_w35_get_by_id PASSED            [ 53%]
tests/test_w35_cash_application.py::test_w35_get_not_found PASSED        [ 53%]
tests/test_w35_cash_application.py::test_w35_dispute PASSED              [ 53%]
tests/test_w35_cash_application.py::test_w35_resolve_dispute PASSED      [ 53%]
tests/test_w35_cash_application.py::test_w35_dispute_not_found PASSED    [ 53%]
tests/test_w35_cash_application.py::test_w35_audit_event_emitted PASSED  [ 53%]
tests/test_w35_cash_application.py::test_w35_determinism PASSED          [ 53%]
tests/test_w35_cash_application.py::test_w35_break_it_empty_body PASSED  [ 54%]
tests/test_w35_cash_application.py::test_w35_integration_create_list_get PASSED [ 54%]
tests/test_w36_accruals_deferrals.py::test_w36_service_starts_empty PASSED [ 54%]
tests/test_w36_accruals_deferrals.py::test_w36_create PASSED             [ 54%]
tests/test_w36_accruals_deferrals.py::test_w36_list PASSED               [ 54%]
tests/test_w36_accruals_deferrals.py::test_w36_get_by_id PASSED          [ 54%]
tests/test_w36_accruals_deferrals.py::test_w36_get_not_found PASSED      [ 55%]
tests/test_w36_accruals_deferrals.py::test_w36_generate_proposal PASSED  [ 55%]
tests/test_w36_accruals_deferrals.py::test_w36_approve_proposal PASSED   [ 55%]
tests/test_w36_accruals_deferrals.py::test_w36_reverse PASSED            [ 55%]
tests/test_w36_accruals_deferrals.py::test_w36_generate_proposal_not_found PASSED [ 55%]
tests/test_w36_accruals_deferrals.py::test_w36_audit_event_emitted PASSED [ 55%]
tests/test_w36_accruals_deferrals.py::test_w36_determinism PASSED        [ 55%]
tests/test_w36_accruals_deferrals.py::test_w36_break_it_empty_body PASSED [ 56%]
tests/test_w36_accruals_deferrals.py::test_w36_integration_create_list_get PASSED [ 56%]
tests/test_w37_controls_catalog.py::test_w37_service_starts_empty PASSED [ 56%]
tests/test_w37_controls_catalog.py::test_w37_create PASSED               [ 56%]
tests/test_w37_controls_catalog.py::test_w37_list PASSED                 [ 56%]
tests/test_w37_controls_catalog.py::test_w37_get_by_id PASSED            [ 56%]
tests/test_w37_controls_catalog.py::test_w37_get_not_found PASSED        [ 56%]
tests/test_w37_controls_catalog.py::test_w37_map_evidence PASSED         [ 57%]
tests/test_w37_controls_catalog.py::test_w37_test_control PASSED         [ 57%]
tests/test_w37_controls_catalog.py::test_w37_map_evidence_not_found PASSED [ 57%]
tests/test_w37_controls_catalog.py::test_w37_audit_event_emitted PASSED  [ 57%]
tests/test_w37_controls_catalog.py::test_w37_determinism PASSED          [ 57%]
tests/test_w37_controls_catalog.py::test_w37_break_it_empty_body PASSED  [ 57%]
tests/test_w37_controls_catalog.py::test_w37_integration_create_list_get PASSED [ 57%]
tests/test_w38_audit_portal.py::test_w38_service_starts_empty PASSED     [ 58%]
tests/test_w38_audit_portal.py::test_w38_create PASSED                   [ 58%]
tests/test_w38_audit_portal.py::test_w38_list PASSED                     [ 58%]
tests/test_w38_audit_portal.py::test_w38_get_by_id PASSED                [ 58%]
tests/test_w38_audit_portal.py::test_w38_get_not_found PASSED            [ 58%]
tests/test_w38_audit_portal.py::test_w38_execute_query PASSED            [ 58%]
tests/test_w38_audit_portal.py::test_w38_add_qa PASSED                   [ 59%]
tests/test_w38_audit_portal.py::test_w38_execute_query_not_found PASSED  [ 59%]
tests/test_w38_audit_portal.py::test_w38_audit_event_emitted PASSED      [ 59%]
tests/test_w38_audit_portal.py::test_w38_determinism PASSED              [ 59%]
tests/test_w38_audit_portal.py::test_w38_break_it_empty_body PASSED      [ 59%]
tests/test_w38_audit_portal.py::test_w38_integration_create_list_get PASSED [ 59%]
tests/test_w39_vendor_master_v2.py::test_w39_service_starts_empty PASSED [ 59%]
tests/test_w39_vendor_master_v2.py::test_w39_create PASSED               [ 60%]
tests/test_w39_vendor_master_v2.py::test_w39_list PASSED                 [ 60%]
tests/test_w39_vendor_master_v2.py::test_w39_get_by_id PASSED            [ 60%]
tests/test_w39_vendor_master_v2.py::test_w39_get_not_found PASSED        [ 60%]
tests/test_w39_vendor_master_v2.py::test_w39_set_risk PASSED             [ 60%]
tests/test_w39_vendor_master_v2.py::test_w39_approve_override PASSED     [ 60%]
tests/test_w39_vendor_master_v2.py::test_w39_merge_vendors PASSED        [ 60%]
tests/test_w39_vendor_master_v2.py::test_w39_set_risk_not_found PASSED   [ 61%]
tests/test_w39_vendor_master_v2.py::test_w39_audit_event_emitted PASSED  [ 61%]
tests/test_w39_vendor_master_v2.py::test_w39_determinism PASSED          [ 61%]
tests/test_w39_vendor_master_v2.py::test_w39_break_it_empty_body PASSED  [ 61%]
tests/test_w39_vendor_master_v2.py::test_w39_integration_create_list_get PASSED [ 61%]
tests/test_w40_evidence_binder_v2.py::test_w40_service_starts_empty PASSED [ 61%]
tests/test_w40_evidence_binder_v2.py::test_w40_create PASSED             [ 61%]
tests/test_w40_evidence_binder_v2.py::test_w40_list PASSED               [ 62%]
tests/test_w40_evidence_binder_v2.py::test_w40_get_by_id PASSED          [ 62%]
tests/test_w40_evidence_binder_v2.py::test_w40_get_not_found PASSED      [ 62%]
tests/test_w40_evidence_binder_v2.py::test_w40_add_provenance PASSED     [ 62%]
tests/test_w40_evidence_binder_v2.py::test_w40_sign_binder PASSED        [ 62%]
tests/test_w40_evidence_binder_v2.py::test_w40_verify_binder PASSED      [ 62%]
tests/test_w40_evidence_binder_v2.py::test_w40_add_provenance_not_found PASSED [ 63%]
tests/test_w40_evidence_binder_v2.py::test_w40_audit_event_emitted PASSED [ 63%]
tests/test_w40_evidence_binder_v2.py::test_w40_determinism PASSED        [ 63%]
tests/test_w40_evidence_binder_v2.py::test_w40_break_it_empty_body PASSED [ 63%]
tests/test_w40_evidence_binder_v2.py::test_w40_integration_create_list_get PASSED [ 63%]
tests/test_w41_connector_framework_v2.py::test_w41_service_starts_empty PASSED [ 63%]
tests/test_w41_connector_framework_v2.py::test_w41_create PASSED         [ 63%]
tests/test_w41_connector_framework_v2.py::test_w41_list PASSED           [ 64%]
tests/test_w41_connector_framework_v2.py::test_w41_get_by_id PASSED      [ 64%]
tests/test_w41_connector_framework_v2.py::test_w41_get_not_found PASSED  [ 64%]
tests/test_w41_connector_framework_v2.py::test_w41_configure PASSED      [ 64%]
tests/test_w41_connector_framework_v2.py::test_w41_sync_now PASSED       [ 64%]
tests/test_w41_connector_framework_v2.py::test_w41_test_connection PASSED [ 64%]
tests/test_w41_connector_framework_v2.py::test_w41_configure_not_found PASSED [ 64%]
tests/test_w41_connector_framework_v2.py::test_w41_audit_event_emitted PASSED [ 65%]
tests/test_w41_connector_framework_v2.py::test_w41_determinism PASSED    [ 65%]
tests/test_w41_connector_framework_v2.py::test_w41_break_it_empty_body PASSED [ 65%]
tests/test_w41_connector_framework_v2.py::test_w41_integration_create_list_get PASSED [ 65%]
tests/test_w42_qbo_connector.py::test_w42_service_starts_empty PASSED    [ 65%]
tests/test_w42_qbo_connector.py::test_w42_create PASSED                  [ 65%]
tests/test_w42_qbo_connector.py::test_w42_list PASSED                    [ 65%]
tests/test_w42_qbo_connector.py::test_w42_get_by_id PASSED               [ 66%]
tests/test_w42_qbo_connector.py::test_w42_get_not_found PASSED           [ 66%]
tests/test_w42_qbo_connector.py::test_w42_retry_sync PASSED              [ 66%]
tests/test_w42_qbo_connector.py::test_w42_cancel_sync PASSED             [ 66%]
tests/test_w42_qbo_connector.py::test_w42_retry_sync_not_found PASSED    [ 66%]
tests/test_w42_qbo_connector.py::test_w42_audit_event_emitted PASSED     [ 66%]
tests/test_w42_qbo_connector.py::test_w42_determinism PASSED             [ 67%]
tests/test_w42_qbo_connector.py::test_w42_break_it_empty_body PASSED     [ 67%]
tests/test_w42_qbo_connector.py::test_w42_integration_create_list_get PASSED [ 67%]
tests/test_w43_xero_connector.py::test_w43_service_starts_empty PASSED   [ 67%]
tests/test_w43_xero_connector.py::test_w43_create PASSED                 [ 67%]
tests/test_w43_xero_connector.py::test_w43_list PASSED                   [ 67%]
tests/test_w43_xero_connector.py::test_w43_get_by_id PASSED              [ 67%]
tests/test_w43_xero_connector.py::test_w43_get_not_found PASSED          [ 68%]
tests/test_w43_xero_connector.py::test_w43_retry_sync PASSED             [ 68%]
tests/test_w43_xero_connector.py::test_w43_cancel_sync PASSED            [ 68%]
tests/test_w43_xero_connector.py::test_w43_retry_sync_not_found PASSED   [ 68%]
tests/test_w43_xero_connector.py::test_w43_audit_event_emitted PASSED    [ 68%]
tests/test_w43_xero_connector.py::test_w43_determinism PASSED            [ 68%]
tests/test_w43_xero_connector.py::test_w43_break_it_empty_body PASSED    [ 68%]
tests/test_w43_xero_connector.py::test_w43_integration_create_list_get PASSED [ 69%]
tests/test_w44_plaid_connector.py::test_w44_service_starts_empty PASSED  [ 69%]
tests/test_w44_plaid_connector.py::test_w44_create PASSED                [ 69%]
tests/test_w44_plaid_connector.py::test_w44_list PASSED                  [ 69%]
tests/test_w44_plaid_connector.py::test_w44_get_by_id PASSED             [ 69%]
tests/test_w44_plaid_connector.py::test_w44_get_not_found PASSED         [ 69%]
tests/test_w44_plaid_connector.py::test_w44_sync_transactions PASSED     [ 69%]
tests/test_w44_plaid_connector.py::test_w44_dedupe PASSED                [ 70%]
tests/test_w44_plaid_connector.py::test_w44_enrich PASSED                [ 70%]
tests/test_w44_plaid_connector.py::test_w44_sync_transactions_not_found PASSED [ 70%]
tests/test_w44_plaid_connector.py::test_w44_audit_event_emitted PASSED   [ 70%]
tests/test_w44_plaid_connector.py::test_w44_determinism PASSED           [ 70%]
tests/test_w44_plaid_connector.py::test_w44_break_it_empty_body PASSED   [ 70%]
tests/test_w44_plaid_connector.py::test_w44_integration_create_list_get PASSED [ 71%]
tests/test_w45_mapping_studio.py::test_w45_service_starts_empty PASSED   [ 71%]
tests/test_w45_mapping_studio.py::test_w45_create PASSED                 [ 71%]
tests/test_w45_mapping_studio.py::test_w45_list PASSED                   [ 71%]
tests/test_w45_mapping_studio.py::test_w45_get_by_id PASSED              [ 71%]
tests/test_w45_mapping_studio.py::test_w45_get_not_found PASSED          [ 71%]
tests/test_w45_mapping_studio.py::test_w45_preview PASSED                [ 71%]
tests/test_w45_mapping_studio.py::test_w45_apply_rule PASSED             [ 72%]
tests/test_w45_mapping_studio.py::test_w45_rollback PASSED               [ 72%]
tests/test_w45_mapping_studio.py::test_w45_preview_not_found PASSED      [ 72%]
tests/test_w45_mapping_studio.py::test_w45_audit_event_emitted PASSED    [ 72%]
tests/test_w45_mapping_studio.py::test_w45_determinism PASSED            [ 72%]
tests/test_w45_mapping_studio.py::test_w45_break_it_empty_body PASSED    [ 72%]
tests/test_w45_mapping_studio.py::test_w45_integration_create_list_get PASSED [ 72%]
tests/test_w46_data_quality.py::test_w46_service_starts_empty PASSED     [ 73%]
tests/test_w46_data_quality.py::test_w46_create PASSED                   [ 73%]
tests/test_w46_data_quality.py::test_w46_list PASSED                     [ 73%]
tests/test_w46_data_quality.py::test_w46_get_by_id PASSED                [ 73%]
tests/test_w46_data_quality.py::test_w46_get_not_found PASSED            [ 73%]
tests/test_w46_data_quality.py::test_w46_approve_override PASSED         [ 73%]
tests/test_w46_data_quality.py::test_w46_approve_override_not_found PASSED [ 73%]
tests/test_w46_data_quality.py::test_w46_audit_event_emitted PASSED      [ 74%]
tests/test_w46_data_quality.py::test_w46_determinism PASSED              [ 74%]
tests/test_w46_data_quality.py::test_w46_break_it_empty_body PASSED      [ 74%]
tests/test_w46_data_quality.py::test_w46_integration_create_list_get PASSED [ 74%]
tests/test_w47_continuous_close_v2.py::test_w47_service_starts_empty PASSED [ 74%]
tests/test_w47_continuous_close_v2.py::test_w47_create PASSED            [ 74%]
tests/test_w47_continuous_close_v2.py::test_w47_list PASSED              [ 75%]
tests/test_w47_continuous_close_v2.py::test_w47_get_by_id PASSED         [ 75%]
tests/test_w47_continuous_close_v2.py::test_w47_get_not_found PASSED     [ 75%]
tests/test_w47_continuous_close_v2.py::test_w47_pause_job PASSED         [ 75%]
tests/test_w47_continuous_close_v2.py::test_w47_resume_job PASSED        [ 75%]
tests/test_w47_continuous_close_v2.py::test_w47_cancel_job PASSED        [ 75%]
tests/test_w47_continuous_close_v2.py::test_w47_pause_job_not_found PASSED [ 75%]
tests/test_w47_continuous_close_v2.py::test_w47_audit_event_emitted PASSED [ 76%]
tests/test_w47_continuous_close_v2.py::test_w47_determinism PASSED       [ 76%]
tests/test_w47_continuous_close_v2.py::test_w47_break_it_empty_body PASSED [ 76%]
tests/test_w47_continuous_close_v2.py::test_w47_integration_create_list_get PASSED [ 76%]
tests/test_w48_perf_suite.py::test_w48_service_starts_empty PASSED       [ 76%]
tests/test_w48_perf_suite.py::test_w48_create PASSED                     [ 76%]
tests/test_w48_perf_suite.py::test_w48_list PASSED                       [ 76%]
tests/test_w48_perf_suite.py::test_w48_get_by_id PASSED                  [ 77%]
tests/test_w48_perf_suite.py::test_w48_get_not_found PASSED              [ 77%]
tests/test_w48_perf_suite.py::test_w48_set_budget PASSED                 [ 77%]
tests/test_w48_perf_suite.py::test_w48_set_budget_not_found PASSED       [ 77%]
tests/test_w48_perf_suite.py::test_w48_audit_event_emitted PASSED        [ 77%]
tests/test_w48_perf_suite.py::test_w48_determinism PASSED                [ 77%]
tests/test_w48_perf_suite.py::test_w48_break_it_empty_body PASSED        [ 77%]
tests/test_w48_perf_suite.py::test_w48_integration_create_list_get PASSED [ 78%]
tests/test_w49_release_bundle_v2.py::test_w49_service_starts_empty PASSED [ 78%]
tests/test_w49_release_bundle_v2.py::test_w49_create PASSED              [ 78%]
tests/test_w49_release_bundle_v2.py::test_w49_list PASSED                [ 78%]
tests/test_w49_release_bundle_v2.py::test_w49_get_by_id PASSED           [ 78%]
tests/test_w49_release_bundle_v2.py::test_w49_get_not_found PASSED       [ 78%]
tests/test_w49_release_bundle_v2.py::test_w49_sign_release PASSED        [ 78%]
tests/test_w49_release_bundle_v2.py::test_w49_verify_release PASSED      [ 79%]
tests/test_w49_release_bundle_v2.py::test_w49_deploy PASSED              [ 79%]
tests/test_w49_release_bundle_v2.py::test_w49_sign_release_not_found PASSED [ 79%]
tests/test_w49_release_bundle_v2.py::test_w49_audit_event_emitted PASSED [ 79%]
tests/test_w49_release_bundle_v2.py::test_w49_determinism PASSED         [ 79%]
tests/test_w49_release_bundle_v2.py::test_w49_break_it_empty_body PASSED [ 79%]
tests/test_w49_release_bundle_v2.py::test_w49_integration_create_list_get PASSED [ 80%]
tests/test_w50_judge_demo_v2.py::test_w50_service_starts_empty PASSED    [ 80%]
tests/test_w50_judge_demo_v2.py::test_w50_create PASSED                  [ 80%]
tests/test_w50_judge_demo_v2.py::test_w50_list PASSED                    [ 80%]
tests/test_w50_judge_demo_v2.py::test_w50_get_by_id PASSED               [ 80%]
tests/test_w50_judge_demo_v2.py::test_w50_get_not_found PASSED           [ 80%]
tests/test_w50_judge_demo_v2.py::test_w50_advance_step PASSED            [ 80%]
tests/test_w50_judge_demo_v2.py::test_w50_verify_demo PASSED             [ 81%]
tests/test_w50_judge_demo_v2.py::test_w50_reset_demo PASSED              [ 81%]
tests/test_w50_judge_demo_v2.py::test_w50_advance_step_not_found PASSED  [ 81%]
tests/test_w50_judge_demo_v2.py::test_w50_audit_event_emitted PASSED     [ 81%]
tests/test_w50_judge_demo_v2.py::test_w50_determinism PASSED             [ 81%]
tests/test_w50_judge_demo_v2.py::test_w50_break_it_empty_body PASSED     [ 81%]
tests/test_w50_judge_demo_v2.py::test_w50_integration_create_list_get PASSED [ 81%]
tests/test_w51_budgeting.py::test_w51_service_starts_empty PASSED        [ 82%]
tests/test_w51_budgeting.py::test_w51_create PASSED                      [ 82%]
tests/test_w51_budgeting.py::test_w51_list PASSED                        [ 82%]
tests/test_w51_budgeting.py::test_w51_get_by_id PASSED                   [ 82%]
tests/test_w51_budgeting.py::test_w51_get_not_found PASSED               [ 82%]
tests/test_w51_budgeting.py::test_w51_submit_budget PASSED               [ 82%]
tests/test_w51_budgeting.py::test_w51_approve_budget PASSED              [ 82%]
tests/test_w51_budgeting.py::test_w51_lock_budget PASSED                 [ 83%]
tests/test_w51_budgeting.py::test_w51_submit_budget_not_found PASSED     [ 83%]
tests/test_w51_budgeting.py::test_w51_audit_event_emitted PASSED         [ 83%]
tests/test_w51_budgeting.py::test_w51_determinism PASSED                 [ 83%]
tests/test_w51_budgeting.py::test_w51_break_it_empty_body PASSED         [ 83%]
tests/test_w51_budgeting.py::test_w51_integration_create_list_get PASSED [ 83%]
tests/test_w52_forecasting.py::test_w52_service_starts_empty PASSED      [ 84%]
tests/test_w52_forecasting.py::test_w52_create PASSED                    [ 84%]
tests/test_w52_forecasting.py::test_w52_list PASSED                      [ 84%]
tests/test_w52_forecasting.py::test_w52_get_by_id PASSED                 [ 84%]
tests/test_w52_forecasting.py::test_w52_get_not_found PASSED             [ 84%]
tests/test_w52_forecasting.py::test_w52_evaluate PASSED                  [ 84%]
tests/test_w52_forecasting.py::test_w52_detect_drift PASSED              [ 84%]
tests/test_w52_forecasting.py::test_w52_register_model PASSED            [ 85%]
tests/test_w52_forecasting.py::test_w52_evaluate_not_found PASSED        [ 85%]
tests/test_w52_forecasting.py::test_w52_audit_event_emitted PASSED       [ 85%]
tests/test_w52_forecasting.py::test_w52_determinism PASSED               [ 85%]
tests/test_w52_forecasting.py::test_w52_break_it_empty_body PASSED       [ 85%]
tests/test_w52_forecasting.py::test_w52_integration_create_list_get PASSED [ 85%]
tests/test_w53_driver_planning.py::test_w53_service_starts_empty PASSED  [ 85%]
tests/test_w53_driver_planning.py::test_w53_create PASSED                [ 86%]
tests/test_w53_driver_planning.py::test_w53_list PASSED                  [ 86%]
tests/test_w53_driver_planning.py::test_w53_get_by_id PASSED             [ 86%]
tests/test_w53_driver_planning.py::test_w53_get_not_found PASSED         [ 86%]
tests/test_w53_driver_planning.py::test_w53_update_value PASSED          [ 86%]
tests/test_w53_driver_planning.py::test_w53_propagate PASSED             [ 86%]
tests/test_w53_driver_planning.py::test_w53_check_cycles PASSED          [ 86%]
tests/test_w53_driver_planning.py::test_w53_update_value_not_found PASSED [ 87%]
tests/test_w53_driver_planning.py::test_w53_audit_event_emitted PASSED   [ 87%]
tests/test_w53_driver_planning.py::test_w53_determinism PASSED           [ 87%]
tests/test_w53_driver_planning.py::test_w53_break_it_empty_body PASSED   [ 87%]
tests/test_w53_driver_planning.py::test_w53_integration_create_list_get PASSED [ 87%]
tests/test_w54_scenario_engine.py::test_w54_service_starts_empty PASSED  [ 87%]
tests/test_w54_scenario_engine.py::test_w54_create PASSED                [ 88%]
tests/test_w54_scenario_engine.py::test_w54_list PASSED                  [ 88%]
tests/test_w54_scenario_engine.py::test_w54_get_by_id PASSED             [ 88%]
tests/test_w54_scenario_engine.py::test_w54_get_not_found PASSED         [ 88%]
tests/test_w54_scenario_engine.py::test_w54_run_simulation PASSED        [ 88%]
tests/test_w54_scenario_engine.py::test_w54_run_simulation_not_found PASSED [ 88%]
tests/test_w54_scenario_engine.py::test_w54_audit_event_emitted PASSED   [ 88%]
tests/test_w54_scenario_engine.py::test_w54_determinism PASSED           [ 89%]
tests/test_w54_scenario_engine.py::test_w54_break_it_empty_body PASSED   [ 89%]
tests/test_w54_scenario_engine.py::test_w54_integration_create_list_get PASSED [ 89%]
tests/test_w55_treasury.py::test_w55_service_starts_empty PASSED         [ 89%]
tests/test_w55_treasury.py::test_w55_create PASSED                       [ 89%]
tests/test_w55_treasury.py::test_w55_list PASSED                         [ 89%]
tests/test_w55_treasury.py::test_w55_get_by_id PASSED                    [ 89%]
tests/test_w55_treasury.py::test_w55_get_not_found PASSED                [ 90%]
tests/test_w55_treasury.py::test_w55_project_interest PASSED             [ 90%]
tests/test_w55_treasury.py::test_w55_project_interest_not_found PASSED   [ 90%]
tests/test_w55_treasury.py::test_w55_audit_event_emitted PASSED          [ 90%]
tests/test_w55_treasury.py::test_w55_determinism PASSED                  [ 90%]
tests/test_w55_treasury.py::test_w55_break_it_empty_body PASSED          [ 90%]
tests/test_w55_treasury.py::test_w55_integration_create_list_get PASSED  [ 90%]
tests/test_w56_covenants.py::test_w56_service_starts_empty PASSED        [ 91%]
tests/test_w56_covenants.py::test_w56_create PASSED                      [ 91%]
tests/test_w56_covenants.py::test_w56_list PASSED                        [ 91%]
tests/test_w56_covenants.py::test_w56_get_by_id PASSED                   [ 91%]
tests/test_w56_covenants.py::test_w56_get_not_found PASSED               [ 91%]
tests/test_w56_covenants.py::test_w56_check_breach PASSED                [ 91%]
tests/test_w56_covenants.py::test_w56_link_evidence PASSED               [ 92%]
tests/test_w56_covenants.py::test_w56_check_breach_not_found PASSED      [ 92%]
tests/test_w56_covenants.py::test_w56_audit_event_emitted PASSED         [ 92%]
tests/test_w56_covenants.py::test_w56_determinism PASSED                 [ 92%]
tests/test_w56_covenants.py::test_w56_break_it_empty_body PASSED         [ 92%]
tests/test_w56_covenants.py::test_w56_integration_create_list_get PASSED [ 92%]
tests/test_w57_cost_allocation.py::test_w57_service_starts_empty PASSED  [ 92%]
tests/test_w57_cost_allocation.py::test_w57_create PASSED                [ 93%]
tests/test_w57_cost_allocation.py::test_w57_list PASSED                  [ 93%]
tests/test_w57_cost_allocation.py::test_w57_get_by_id PASSED             [ 93%]
tests/test_w57_cost_allocation.py::test_w57_get_not_found PASSED         [ 93%]
tests/test_w57_cost_allocation.py::test_w57_recalculate PASSED           [ 93%]
tests/test_w57_cost_allocation.py::test_w57_recalculate_not_found PASSED [ 93%]
tests/test_w57_cost_allocation.py::test_w57_audit_event_emitted PASSED   [ 93%]
tests/test_w57_cost_allocation.py::test_w57_determinism PASSED           [ 94%]
tests/test_w57_cost_allocation.py::test_w57_break_it_empty_body PASSED   [ 94%]
tests/test_w57_cost_allocation.py::test_w57_integration_create_list_get PASSED [ 94%]
tests/test_w58_kpi_framework.py::test_w58_service_starts_empty PASSED    [ 94%]
tests/test_w58_kpi_framework.py::test_w58_create PASSED                  [ 94%]
tests/test_w58_kpi_framework.py::test_w58_list PASSED                    [ 94%]
tests/test_w58_kpi_framework.py::test_w58_get_by_id PASSED               [ 94%]
tests/test_w58_kpi_framework.py::test_w58_get_not_found PASSED           [ 95%]
tests/test_w58_kpi_framework.py::test_w58_compute PASSED                 [ 95%]
tests/test_w58_kpi_framework.py::test_w58_link_evidence PASSED           [ 95%]
tests/test_w58_kpi_framework.py::test_w58_compute_not_found PASSED       [ 95%]
tests/test_w58_kpi_framework.py::test_w58_audit_event_emitted PASSED     [ 95%]
tests/test_w58_kpi_framework.py::test_w58_determinism PASSED             [ 95%]
tests/test_w58_kpi_framework.py::test_w58_break_it_empty_body PASSED     [ 96%]
tests/test_w58_kpi_framework.py::test_w58_integration_create_list_get PASSED [ 96%]
tests/test_w59_board_pack.py::test_w59_service_starts_empty PASSED       [ 96%]
tests/test_w59_board_pack.py::test_w59_create PASSED                     [ 96%]
tests/test_w59_board_pack.py::test_w59_list PASSED                       [ 96%]
tests/test_w59_board_pack.py::test_w59_get_by_id PASSED                  [ 96%]
tests/test_w59_board_pack.py::test_w59_get_not_found PASSED              [ 96%]
tests/test_w59_board_pack.py::test_w59_add_section PASSED                [ 97%]
tests/test_w59_board_pack.py::test_w59_generate PASSED                   [ 97%]
tests/test_w59_board_pack.py::test_w59_verify_pack PASSED                [ 97%]
tests/test_w59_board_pack.py::test_w59_add_section_not_found PASSED      [ 97%]
tests/test_w59_board_pack.py::test_w59_audit_event_emitted PASSED        [ 97%]
tests/test_w59_board_pack.py::test_w59_determinism PASSED                [ 97%]
tests/test_w59_board_pack.py::test_w59_break_it_empty_body PASSED        [ 97%]
tests/test_w59_board_pack.py::test_w59_integration_create_list_get PASSED [ 98%]
tests/test_w60_ops_bundle.py::test_w60_service_starts_empty PASSED       [ 98%]
tests/test_w60_ops_bundle.py::test_w60_create PASSED                     [ 98%]
tests/test_w60_ops_bundle.py::test_w60_list PASSED                       [ 98%]
tests/test_w60_ops_bundle.py::test_w60_get_by_id PASSED                  [ 98%]
tests/test_w60_ops_bundle.py::test_w60_get_not_found PASSED              [ 98%]
tests/test_w60_ops_bundle.py::test_w60_add_evidence PASSED               [ 98%]
tests/test_w60_ops_bundle.py::test_w60_compute_hash PASSED               [ 99%]
tests/test_w60_ops_bundle.py::test_w60_verify_bundle PASSED              [ 99%]
tests/test_w60_ops_bundle.py::test_w60_add_evidence_not_found PASSED     [ 99%]
tests/test_w60_ops_bundle.py::test_w60_audit_event_emitted PASSED        [ 99%]
tests/test_w60_ops_bundle.py::test_w60_determinism PASSED                [ 99%]
tests/test_w60_ops_bundle.py::test_w60_break_it_empty_body PASSED        [ 99%]
tests/test_w60_ops_bundle.py::test_w60_integration_create_list_get PASSED [100%]

============================= 676 passed in 1.34s =============================
