============================= test session starts =============================
platform win32 -- Python 3.14.3, pytest-9.0.2, pluggy-1.6.0 -- C:\Aarav\ledgerlive\apps\api\.venv\Scripts\python.exe
cachedir: .pytest_cache
rootdir: C:\Aarav\ledgerlive\apps\api
configfile: pyproject.toml
plugins: anyio-4.12.1, asyncio-1.3.0
asyncio: mode=Mode.AUTO, debug=False, asyncio_default_fixture_loop_scope=None, asyncio_default_test_loop_scope=function
collecting ... collected 303 items

tests/test_health.py::test_healthz_returns_ok PASSED                     [  0%]
tests/test_health.py::test_healthz_contains_mode PASSED                  [  0%]
tests/test_health.py::test_audit_log_empty_initially PASSED              [  0%]
tests/test_health.py::test_project_id_file PASSED                        [  1%]
tests/test_w01_close_period.py::test_w01_service_starts_empty PASSED     [  1%]
tests/test_w01_close_period.py::test_w01_create PASSED                   [  1%]
tests/test_w01_close_period.py::test_w01_list PASSED                     [  2%]
tests/test_w01_close_period.py::test_w01_get_by_id PASSED                [  2%]
tests/test_w01_close_period.py::test_w01_get_not_found PASSED            [  2%]
tests/test_w01_close_period.py::test_w01_close_period PASSED             [  3%]
tests/test_w01_close_period.py::test_w01_lock_period PASSED              [  3%]
tests/test_w01_close_period.py::test_w01_close_period_not_found PASSED   [  3%]
tests/test_w01_close_period.py::test_w01_audit_event_emitted PASSED      [  4%]
tests/test_w01_close_period.py::test_w01_determinism PASSED              [  4%]
tests/test_w01_close_period.py::test_w01_break_it_empty_body PASSED      [  4%]
tests/test_w02_entity.py::test_w02_service_starts_empty PASSED           [  5%]
tests/test_w02_entity.py::test_w02_create PASSED                         [  5%]
tests/test_w02_entity.py::test_w02_list PASSED                           [  5%]
tests/test_w02_entity.py::test_w02_get_by_id PASSED                      [  6%]
tests/test_w02_entity.py::test_w02_get_not_found PASSED                  [  6%]
tests/test_w02_entity.py::test_w02_update PASSED                         [  6%]
tests/test_w02_entity.py::test_w02_deactivate PASSED                     [  7%]
tests/test_w02_entity.py::test_w02_deactivate_not_found PASSED           [  7%]
tests/test_w02_entity.py::test_w02_audit_event_emitted PASSED            [  7%]
tests/test_w02_entity.py::test_w02_determinism PASSED                    [  8%]
tests/test_w02_entity.py::test_w02_break_it_empty_body PASSED            [  8%]
tests/test_w03_document_store.py::test_w03_service_starts_empty PASSED   [  8%]
tests/test_w03_document_store.py::test_w03_create PASSED                 [  9%]
tests/test_w03_document_store.py::test_w03_list PASSED                   [  9%]
tests/test_w03_document_store.py::test_w03_get_by_id PASSED              [  9%]
tests/test_w03_document_store.py::test_w03_get_not_found PASSED          [ 10%]
tests/test_w03_document_store.py::test_w03_delete PASSED                 [ 10%]
tests/test_w03_document_store.py::test_w03_audit_event_emitted PASSED    [ 10%]
tests/test_w03_document_store.py::test_w03_determinism PASSED            [ 11%]
tests/test_w03_document_store.py::test_w03_break_it_empty_body PASSED    [ 11%]
tests/test_w04_ocr_pipeline.py::test_w04_service_starts_empty PASSED     [ 11%]
tests/test_w04_ocr_pipeline.py::test_w04_create PASSED                   [ 12%]
tests/test_w04_ocr_pipeline.py::test_w04_list PASSED                     [ 12%]
tests/test_w04_ocr_pipeline.py::test_w04_get_by_id PASSED                [ 12%]
tests/test_w04_ocr_pipeline.py::test_w04_get_not_found PASSED            [ 13%]
tests/test_w04_ocr_pipeline.py::test_w04_retry PASSED                    [ 13%]
tests/test_w04_ocr_pipeline.py::test_w04_retry_not_found PASSED          [ 13%]
tests/test_w04_ocr_pipeline.py::test_w04_audit_event_emitted PASSED      [ 14%]
tests/test_w04_ocr_pipeline.py::test_w04_determinism PASSED              [ 14%]
tests/test_w04_ocr_pipeline.py::test_w04_break_it_empty_body PASSED      [ 14%]
tests/test_w05_extraction.py::test_w05_service_starts_empty PASSED       [ 15%]
tests/test_w05_extraction.py::test_w05_create PASSED                     [ 15%]
tests/test_w05_extraction.py::test_w05_list PASSED                       [ 15%]
tests/test_w05_extraction.py::test_w05_get_by_id PASSED                  [ 16%]
tests/test_w05_extraction.py::test_w05_get_not_found PASSED              [ 16%]
tests/test_w05_extraction.py::test_w05_update PASSED                     [ 16%]
tests/test_w05_extraction.py::test_w05_validate PASSED                   [ 17%]
tests/test_w05_extraction.py::test_w05_validate_not_found PASSED         [ 17%]
tests/test_w05_extraction.py::test_w05_audit_event_emitted PASSED        [ 17%]
tests/test_w05_extraction.py::test_w05_determinism PASSED                [ 18%]
tests/test_w05_extraction.py::test_w05_break_it_empty_body PASSED        [ 18%]
tests/test_w06_reconciliation.py::test_w06_service_starts_empty PASSED   [ 18%]
tests/test_w06_reconciliation.py::test_w06_create PASSED                 [ 19%]
tests/test_w06_reconciliation.py::test_w06_list PASSED                   [ 19%]
tests/test_w06_reconciliation.py::test_w06_get_by_id PASSED              [ 19%]
tests/test_w06_reconciliation.py::test_w06_get_not_found PASSED          [ 20%]
tests/test_w06_reconciliation.py::test_w06_approve PASSED                [ 20%]
tests/test_w06_reconciliation.py::test_w06_reject PASSED                 [ 20%]
tests/test_w06_reconciliation.py::test_w06_approve_not_found PASSED      [ 21%]
tests/test_w06_reconciliation.py::test_w06_audit_event_emitted PASSED    [ 21%]
tests/test_w06_reconciliation.py::test_w06_determinism PASSED            [ 21%]
tests/test_w06_reconciliation.py::test_w06_break_it_empty_body PASSED    [ 22%]
tests/test_w07_exception.py::test_w07_service_starts_empty PASSED        [ 22%]
tests/test_w07_exception.py::test_w07_create PASSED                      [ 22%]
tests/test_w07_exception.py::test_w07_list PASSED                        [ 23%]
tests/test_w07_exception.py::test_w07_get_by_id PASSED                   [ 23%]
tests/test_w07_exception.py::test_w07_get_not_found PASSED               [ 23%]
tests/test_w07_exception.py::test_w07_assign PASSED                      [ 24%]
tests/test_w07_exception.py::test_w07_resolve PASSED                     [ 24%]
tests/test_w07_exception.py::test_w07_assign_not_found PASSED            [ 24%]
tests/test_w07_exception.py::test_w07_audit_event_emitted PASSED         [ 25%]
tests/test_w07_exception.py::test_w07_determinism PASSED                 [ 25%]
tests/test_w07_exception.py::test_w07_break_it_empty_body PASSED         [ 25%]
tests/test_w08_review_queue.py::test_w08_service_starts_empty PASSED     [ 26%]
tests/test_w08_review_queue.py::test_w08_create PASSED                   [ 26%]
tests/test_w08_review_queue.py::test_w08_list PASSED                     [ 26%]
tests/test_w08_review_queue.py::test_w08_get_by_id PASSED                [ 27%]
tests/test_w08_review_queue.py::test_w08_get_not_found PASSED            [ 27%]
tests/test_w08_review_queue.py::test_w08_decide PASSED                   [ 27%]
tests/test_w08_review_queue.py::test_w08_decide_not_found PASSED         [ 28%]
tests/test_w08_review_queue.py::test_w08_audit_event_emitted PASSED      [ 28%]
tests/test_w08_review_queue.py::test_w08_determinism PASSED              [ 28%]
tests/test_w08_review_queue.py::test_w08_break_it_empty_body PASSED      [ 29%]
tests/test_w09_evidence_binder.py::test_w09_service_starts_empty PASSED  [ 29%]
tests/test_w09_evidence_binder.py::test_w09_create PASSED                [ 29%]
tests/test_w09_evidence_binder.py::test_w09_list PASSED                  [ 30%]
tests/test_w09_evidence_binder.py::test_w09_get_by_id PASSED             [ 30%]
tests/test_w09_evidence_binder.py::test_w09_get_not_found PASSED         [ 30%]
tests/test_w09_evidence_binder.py::test_w09_add_section PASSED           [ 31%]
tests/test_w09_evidence_binder.py::test_w09_finalize PASSED              [ 31%]
tests/test_w09_evidence_binder.py::test_w09_add_section_not_found PASSED [ 31%]
tests/test_w09_evidence_binder.py::test_w09_audit_event_emitted PASSED   [ 32%]
tests/test_w09_evidence_binder.py::test_w09_determinism PASSED           [ 32%]
tests/test_w09_evidence_binder.py::test_w09_break_it_empty_body PASSED   [ 32%]
tests/test_w10_eval_harness.py::test_w10_service_starts_empty PASSED     [ 33%]
tests/test_w10_eval_harness.py::test_w10_create PASSED                   [ 33%]
tests/test_w10_eval_harness.py::test_w10_list PASSED                     [ 33%]
tests/test_w10_eval_harness.py::test_w10_get_by_id PASSED                [ 33%]
tests/test_w10_eval_harness.py::test_w10_get_not_found PASSED            [ 34%]
tests/test_w10_eval_harness.py::test_w10_audit_event_emitted PASSED      [ 34%]
tests/test_w10_eval_harness.py::test_w10_determinism PASSED              [ 34%]
tests/test_w10_eval_harness.py::test_w10_break_it_empty_body PASSED      [ 35%]
tests/test_w11_tenant.py::test_w11_service_starts_empty PASSED           [ 35%]
tests/test_w11_tenant.py::test_w11_create PASSED                         [ 35%]
tests/test_w11_tenant.py::test_w11_list PASSED                           [ 36%]
tests/test_w11_tenant.py::test_w11_get_by_id PASSED                      [ 36%]
tests/test_w11_tenant.py::test_w11_get_not_found PASSED                  [ 36%]
tests/test_w11_tenant.py::test_w11_update PASSED                         [ 37%]
tests/test_w11_tenant.py::test_w11_suspend PASSED                        [ 37%]
tests/test_w11_tenant.py::test_w11_suspend_not_found PASSED              [ 37%]
tests/test_w11_tenant.py::test_w11_audit_event_emitted PASSED            [ 38%]
tests/test_w11_tenant.py::test_w11_determinism PASSED                    [ 38%]
tests/test_w11_tenant.py::test_w11_break_it_empty_body PASSED            [ 38%]
tests/test_w12_auth.py::test_w12_service_starts_empty PASSED             [ 39%]
tests/test_w12_auth.py::test_w12_create PASSED                           [ 39%]
tests/test_w12_auth.py::test_w12_list PASSED                             [ 39%]
tests/test_w12_auth.py::test_w12_get_by_id PASSED                        [ 40%]
tests/test_w12_auth.py::test_w12_get_not_found PASSED                    [ 40%]
tests/test_w12_auth.py::test_w12_update PASSED                           [ 40%]
tests/test_w12_auth.py::test_w12_deactivate_user PASSED                  [ 41%]
tests/test_w12_auth.py::test_w12_deactivate_user_not_found PASSED        [ 41%]
tests/test_w12_auth.py::test_w12_audit_event_emitted PASSED              [ 41%]
tests/test_w12_auth.py::test_w12_determinism PASSED                      [ 42%]
tests/test_w12_auth.py::test_w12_break_it_empty_body PASSED              [ 42%]
tests/test_w13_workflow.py::test_w13_service_starts_empty PASSED         [ 42%]
tests/test_w13_workflow.py::test_w13_create PASSED                       [ 43%]
tests/test_w13_workflow.py::test_w13_list PASSED                         [ 43%]
tests/test_w13_workflow.py::test_w13_get_by_id PASSED                    [ 43%]
tests/test_w13_workflow.py::test_w13_get_not_found PASSED                [ 44%]
tests/test_w13_workflow.py::test_w13_advance PASSED                      [ 44%]
tests/test_w13_workflow.py::test_w13_abort PASSED                        [ 44%]
tests/test_w13_workflow.py::test_w13_advance_not_found PASSED            [ 45%]
tests/test_w13_workflow.py::test_w13_audit_event_emitted PASSED          [ 45%]
tests/test_w13_workflow.py::test_w13_determinism PASSED                  [ 45%]
tests/test_w13_workflow.py::test_w13_break_it_empty_body PASSED          [ 46%]
tests/test_w14_notification.py::test_w14_service_starts_empty PASSED     [ 46%]
tests/test_w14_notification.py::test_w14_create PASSED                   [ 46%]
tests/test_w14_notification.py::test_w14_list PASSED                     [ 47%]
tests/test_w14_notification.py::test_w14_get_by_id PASSED                [ 47%]
tests/test_w14_notification.py::test_w14_get_not_found PASSED            [ 47%]
tests/test_w14_notification.py::test_w14_mark_read PASSED                [ 48%]
tests/test_w14_notification.py::test_w14_mark_read_not_found PASSED      [ 48%]
tests/test_w14_notification.py::test_w14_audit_event_emitted PASSED      [ 48%]
tests/test_w14_notification.py::test_w14_determinism PASSED              [ 49%]
tests/test_w14_notification.py::test_w14_break_it_empty_body PASSED      [ 49%]
tests/test_w15_connector.py::test_w15_service_starts_empty PASSED        [ 49%]
tests/test_w15_connector.py::test_w15_create PASSED                      [ 50%]
tests/test_w15_connector.py::test_w15_list PASSED                        [ 50%]
tests/test_w15_connector.py::test_w15_get_by_id PASSED                   [ 50%]
tests/test_w15_connector.py::test_w15_get_not_found PASSED               [ 51%]
tests/test_w15_connector.py::test_w15_sync PASSED                        [ 51%]
tests/test_w15_connector.py::test_w15_test_conn PASSED                   [ 51%]
tests/test_w15_connector.py::test_w15_sync_not_found PASSED              [ 52%]
tests/test_w15_connector.py::test_w15_audit_event_emitted PASSED         [ 52%]
tests/test_w15_connector.py::test_w15_determinism PASSED                 [ 52%]
tests/test_w15_connector.py::test_w15_break_it_empty_body PASSED         [ 53%]
tests/test_w16_vendor_master.py::test_w16_service_starts_empty PASSED    [ 53%]
tests/test_w16_vendor_master.py::test_w16_create PASSED                  [ 53%]
tests/test_w16_vendor_master.py::test_w16_list PASSED                    [ 54%]
tests/test_w16_vendor_master.py::test_w16_get_by_id PASSED               [ 54%]
tests/test_w16_vendor_master.py::test_w16_get_not_found PASSED           [ 54%]
tests/test_w16_vendor_master.py::test_w16_update PASSED                  [ 55%]
tests/test_w16_vendor_master.py::test_w16_audit_event_emitted PASSED     [ 55%]
tests/test_w16_vendor_master.py::test_w16_determinism PASSED             [ 55%]
tests/test_w16_vendor_master.py::test_w16_break_it_empty_body PASSED     [ 56%]
tests/test_w17_chart_of_accounts.py::test_w17_service_starts_empty PASSED [ 56%]
tests/test_w17_chart_of_accounts.py::test_w17_create PASSED              [ 56%]
tests/test_w17_chart_of_accounts.py::test_w17_list PASSED                [ 57%]
tests/test_w17_chart_of_accounts.py::test_w17_get_by_id PASSED           [ 57%]
tests/test_w17_chart_of_accounts.py::test_w17_get_not_found PASSED       [ 57%]
tests/test_w17_chart_of_accounts.py::test_w17_audit_event_emitted PASSED [ 58%]
tests/test_w17_chart_of_accounts.py::test_w17_determinism PASSED         [ 58%]
tests/test_w17_chart_of_accounts.py::test_w17_break_it_empty_body PASSED [ 58%]
tests/test_w18_continuous_close.py::test_w18_service_starts_empty PASSED [ 59%]
tests/test_w18_continuous_close.py::test_w18_create PASSED               [ 59%]
tests/test_w18_continuous_close.py::test_w18_list PASSED                 [ 59%]
tests/test_w18_continuous_close.py::test_w18_get_by_id PASSED            [ 60%]
tests/test_w18_continuous_close.py::test_w18_get_not_found PASSED        [ 60%]
tests/test_w18_continuous_close.py::test_w18_complete_task PASSED        [ 60%]
tests/test_w18_continuous_close.py::test_w18_complete_task_not_found PASSED [ 61%]
tests/test_w18_continuous_close.py::test_w18_audit_event_emitted PASSED  [ 61%]
tests/test_w18_continuous_close.py::test_w18_determinism PASSED          [ 61%]
tests/test_w18_continuous_close.py::test_w18_break_it_empty_body PASSED  [ 62%]
tests/test_w19_audit_integrity.py::test_w19_service_starts_empty PASSED  [ 62%]
tests/test_w19_audit_integrity.py::test_w19_create PASSED                [ 62%]
tests/test_w19_audit_integrity.py::test_w19_list PASSED                  [ 63%]
tests/test_w19_audit_integrity.py::test_w19_get_by_id PASSED             [ 63%]
tests/test_w19_audit_integrity.py::test_w19_get_not_found PASSED         [ 63%]
tests/test_w19_audit_integrity.py::test_w19_audit_event_emitted PASSED   [ 64%]
tests/test_w19_audit_integrity.py::test_w19_determinism PASSED           [ 64%]
tests/test_w19_audit_integrity.py::test_w19_break_it_empty_body PASSED   [ 64%]
tests/test_w20_signed_export.py::test_w20_service_starts_empty PASSED    [ 65%]
tests/test_w20_signed_export.py::test_w20_create PASSED                  [ 65%]
tests/test_w20_signed_export.py::test_w20_list PASSED                    [ 65%]
tests/test_w20_signed_export.py::test_w20_get_by_id PASSED               [ 66%]
tests/test_w20_signed_export.py::test_w20_get_not_found PASSED           [ 66%]
tests/test_w20_signed_export.py::test_w20_verify_sig PASSED              [ 66%]
tests/test_w20_signed_export.py::test_w20_verify_sig_not_found PASSED    [ 66%]
tests/test_w20_signed_export.py::test_w20_audit_event_emitted PASSED     [ 67%]
tests/test_w20_signed_export.py::test_w20_determinism PASSED             [ 67%]
tests/test_w20_signed_export.py::test_w20_break_it_empty_body PASSED     [ 67%]
tests/test_w21_report.py::test_w21_service_starts_empty PASSED           [ 68%]
tests/test_w21_report.py::test_w21_create PASSED                         [ 68%]
tests/test_w21_report.py::test_w21_list PASSED                           [ 68%]
tests/test_w21_report.py::test_w21_get_by_id PASSED                      [ 69%]
tests/test_w21_report.py::test_w21_get_not_found PASSED                  [ 69%]
tests/test_w21_report.py::test_w21_audit_event_emitted PASSED            [ 69%]
tests/test_w21_report.py::test_w21_determinism PASSED                    [ 70%]
tests/test_w21_report.py::test_w21_break_it_empty_body PASSED            [ 70%]
tests/test_w22_search_index.py::test_w22_service_starts_empty PASSED     [ 70%]
tests/test_w22_search_index.py::test_w22_create PASSED                   [ 71%]
tests/test_w22_search_index.py::test_w22_list PASSED                     [ 71%]
tests/test_w22_search_index.py::test_w22_audit_event_emitted PASSED      [ 71%]
tests/test_w22_search_index.py::test_w22_determinism PASSED              [ 72%]
tests/test_w22_search_index.py::test_w22_break_it_empty_body PASSED      [ 72%]
tests/test_w23_compliance_bundle.py::test_w23_service_starts_empty PASSED [ 72%]
tests/test_w23_compliance_bundle.py::test_w23_create PASSED              [ 73%]
tests/test_w23_compliance_bundle.py::test_w23_list PASSED                [ 73%]
tests/test_w23_compliance_bundle.py::test_w23_get_by_id PASSED           [ 73%]
tests/test_w23_compliance_bundle.py::test_w23_get_not_found PASSED       [ 74%]
tests/test_w23_compliance_bundle.py::test_w23_add_item PASSED            [ 74%]
tests/test_w23_compliance_bundle.py::test_w23_submit PASSED              [ 74%]
tests/test_w23_compliance_bundle.py::test_w23_add_item_not_found PASSED  [ 75%]
tests/test_w23_compliance_bundle.py::test_w23_audit_event_emitted PASSED [ 75%]
tests/test_w23_compliance_bundle.py::test_w23_determinism PASSED         [ 75%]
tests/test_w23_compliance_bundle.py::test_w23_break_it_empty_body PASSED [ 76%]
tests/test_w24_retention.py::test_w24_service_starts_empty PASSED        [ 76%]
tests/test_w24_retention.py::test_w24_create PASSED                      [ 76%]
tests/test_w24_retention.py::test_w24_list PASSED                        [ 77%]
tests/test_w24_retention.py::test_w24_get_by_id PASSED                   [ 77%]
tests/test_w24_retention.py::test_w24_get_not_found PASSED               [ 77%]
tests/test_w24_retention.py::test_w24_run_policy PASSED                  [ 78%]
tests/test_w24_retention.py::test_w24_preview PASSED                     [ 78%]
tests/test_w24_retention.py::test_w24_run_policy_not_found PASSED        [ 78%]
tests/test_w24_retention.py::test_w24_audit_event_emitted PASSED         [ 79%]
tests/test_w24_retention.py::test_w24_determinism PASSED                 [ 79%]
tests/test_w24_retention.py::test_w24_break_it_empty_body PASSED         [ 79%]
tests/test_w25_data_privacy.py::test_w25_service_starts_empty PASSED     [ 80%]
tests/test_w25_data_privacy.py::test_w25_create PASSED                   [ 80%]
tests/test_w25_data_privacy.py::test_w25_list PASSED                     [ 80%]
tests/test_w25_data_privacy.py::test_w25_get_by_id PASSED                [ 81%]
tests/test_w25_data_privacy.py::test_w25_get_not_found PASSED            [ 81%]
tests/test_w25_data_privacy.py::test_w25_process PASSED                  [ 81%]
tests/test_w25_data_privacy.py::test_w25_process_not_found PASSED        [ 82%]
tests/test_w25_data_privacy.py::test_w25_audit_event_emitted PASSED      [ 82%]
tests/test_w25_data_privacy.py::test_w25_determinism PASSED              [ 82%]
tests/test_w25_data_privacy.py::test_w25_break_it_empty_body PASSED      [ 83%]
tests/test_w26_performance.py::test_w26_service_starts_empty PASSED      [ 83%]
tests/test_w26_performance.py::test_w26_create PASSED                    [ 83%]
tests/test_w26_performance.py::test_w26_list PASSED                      [ 84%]
tests/test_w26_performance.py::test_w26_get_by_id PASSED                 [ 84%]
tests/test_w26_performance.py::test_w26_get_not_found PASSED             [ 84%]
tests/test_w26_performance.py::test_w26_chaos_flag PASSED                [ 85%]
tests/test_w26_performance.py::test_w26_clear_metrics PASSED             [ 85%]
tests/test_w26_performance.py::test_w26_chaos_flag_not_found PASSED      [ 85%]
tests/test_w26_performance.py::test_w26_audit_event_emitted PASSED       [ 86%]
tests/test_w26_performance.py::test_w26_determinism PASSED               [ 86%]
tests/test_w26_performance.py::test_w26_break_it_empty_body PASSED       [ 86%]
tests/test_w27_release_bundle.py::test_w27_service_starts_empty PASSED   [ 87%]
tests/test_w27_release_bundle.py::test_w27_create PASSED                 [ 87%]
tests/test_w27_release_bundle.py::test_w27_list PASSED                   [ 87%]
tests/test_w27_release_bundle.py::test_w27_get_by_id PASSED              [ 88%]
tests/test_w27_release_bundle.py::test_w27_get_not_found PASSED          [ 88%]
tests/test_w27_release_bundle.py::test_w27_deploy PASSED                 [ 88%]
tests/test_w27_release_bundle.py::test_w27_rollback PASSED               [ 89%]
tests/test_w27_release_bundle.py::test_w27_deploy_not_found PASSED       [ 89%]
tests/test_w27_release_bundle.py::test_w27_audit_event_emitted PASSED    [ 89%]
tests/test_w27_release_bundle.py::test_w27_determinism PASSED            [ 90%]
tests/test_w27_release_bundle.py::test_w27_break_it_empty_body PASSED    [ 90%]
tests/test_w28_judge_demo.py::test_w28_service_starts_empty PASSED       [ 90%]
tests/test_w28_judge_demo.py::test_w28_create PASSED                     [ 91%]
tests/test_w28_judge_demo.py::test_w28_list PASSED                       [ 91%]
tests/test_w28_judge_demo.py::test_w28_get_by_id PASSED                  [ 91%]
tests/test_w28_judge_demo.py::test_w28_get_not_found PASSED              [ 92%]
tests/test_w28_judge_demo.py::test_w28_audit_event_emitted PASSED        [ 92%]
tests/test_w28_judge_demo.py::test_w28_determinism PASSED                [ 92%]
tests/test_w28_judge_demo.py::test_w28_break_it_empty_body PASSED        [ 93%]
tests/test_w29_deploy_config.py::test_w29_service_starts_empty PASSED    [ 93%]
tests/test_w29_deploy_config.py::test_w29_create PASSED                  [ 93%]
tests/test_w29_deploy_config.py::test_w29_list PASSED                    [ 94%]
tests/test_w29_deploy_config.py::test_w29_get_by_id PASSED               [ 94%]
tests/test_w29_deploy_config.py::test_w29_get_not_found PASSED           [ 94%]
tests/test_w29_deploy_config.py::test_w29_activate PASSED                [ 95%]
tests/test_w29_deploy_config.py::test_w29_validate_config PASSED         [ 95%]
tests/test_w29_deploy_config.py::test_w29_activate_not_found PASSED      [ 95%]
tests/test_w29_deploy_config.py::test_w29_audit_event_emitted PASSED     [ 96%]
tests/test_w29_deploy_config.py::test_w29_determinism PASSED             [ 96%]
tests/test_w29_deploy_config.py::test_w29_break_it_empty_body PASSED     [ 96%]
tests/test_w30_hardening.py::test_w30_service_starts_empty PASSED        [ 97%]
tests/test_w30_hardening.py::test_w30_create PASSED                      [ 97%]
tests/test_w30_hardening.py::test_w30_list PASSED                        [ 97%]
tests/test_w30_hardening.py::test_w30_get_by_id PASSED                   [ 98%]
tests/test_w30_hardening.py::test_w30_get_not_found PASSED               [ 98%]
tests/test_w30_hardening.py::test_w30_toggle PASSED                      [ 98%]
tests/test_w30_hardening.py::test_w30_toggle_not_found PASSED            [ 99%]
tests/test_w30_hardening.py::test_w30_audit_event_emitted PASSED         [ 99%]
tests/test_w30_hardening.py::test_w30_determinism PASSED                 [ 99%]
tests/test_w30_hardening.py::test_w30_break_it_empty_body PASSED         [100%]

============================= 303 passed in 0.56s =============================
